{"/home/jake/Documents/Code/Algotia/core/src/algotia.ts": {"path":"/home/jake/Documents/Code/Algotia/core/src/algotia.ts","statementMap":{"0":{"start":{"line":1,"column":0},"end":{"line":1,"column":26}},"1":{"start":{"line":2,"column":0},"end":{"line":2,"column":24}}},"fnMap":{},"branchMap":{},"s":{"0":2,"1":2},"f":{},"b":{}}
,"/home/jake/Documents/Code/Algotia/core/src/methods/index.ts": {"path":"/home/jake/Documents/Code/Algotia/core/src/methods/index.ts","statementMap":{"0":{"start":{"line":1,"column":0},"end":{"line":1,"column":9}},"1":{"start":{"line":1,"column":9},"end":{"line":1,"column":24}},"2":{"start":{"line":2,"column":0},"end":{"line":2,"column":9}},"3":{"start":{"line":2,"column":9},"end":{"line":2,"column":28}}},"fnMap":{"0":{"name":"(anonymous_0)","decl":{"start":{"line":1,"column":9},"end":{"line":1,"column":16}},"loc":{"start":{"line":1,"column":9},"end":{"line":1,"column":24}}},"1":{"name":"(anonymous_1)","decl":{"start":{"line":2,"column":9},"end":{"line":2,"column":16}},"loc":{"start":{"line":2,"column":9},"end":{"line":2,"column":28}}}},"branchMap":{},"s":{"0":3,"1":8,"2":3,"3":5},"f":{"0":5,"1":2},"b":{}}
,"/home/jake/Documents/Code/Algotia/core/src/methods/backtest/backfill.ts": {"path":"/home/jake/Documents/Code/Algotia/core/src/methods/backtest/backfill.ts","statementMap":{"0":{"start":{"line":1,"column":0},"end":{"line":1,"column":null}},"1":{"start":{"line":12,"column":0},"end":{"line":12,"column":39}},"2":{"start":{"line":13,"column":0},"end":{"line":13,"column":42}},"3":{"start":{"line":33,"column":1},"end":{"line":82,"column":null}},"4":{"start":{"line":34,"column":2},"end":{"line":34,"column":34}},"5":{"start":{"line":36,"column":2},"end":{"line":79,"column":null}},"6":{"start":{"line":38,"column":3},"end":{"line":38,"column":47}},"7":{"start":{"line":39,"column":9},"end":{"line":79,"column":null}},"8":{"start":{"line":40,"column":25},"end":{"line":40,"column":32}},"9":{"start":{"line":44,"column":3},"end":{"line":50,"column":null}},"10":{"start":{"line":45,"column":22},"end":{"line":45,"column":70}},"11":{"start":{"line":46,"column":4},"end":{"line":49,"column":6}},"12":{"start":{"line":53,"column":50},"end":{"line":53,"column":52}},"13":{"start":{"line":55,"column":3},"end":{"line":67,"column":null}},"14":{"start":{"line":56,"column":16},"end":{"line":56,"column":38}},"15":{"start":{"line":57,"column":4},"end":{"line":60,"column":null}},"16":{"start":{"line":58,"column":5},"end":{"line":58,"column":26}},"17":{"start":{"line":59,"column":5},"end":{"line":59,"column":14}},"18":{"start":{"line":61,"column":4},"end":{"line":65,"column":null}},"19":{"start":{"line":62,"column":5},"end":{"line":64,"column":7}},"20":{"start":{"line":66,"column":4},"end":{"line":66,"column":25}},"21":{"start":{"line":69,"column":3},"end":{"line":76,"column":null}},"22":{"start":{"line":69,"column":16},"end":{"line":69,"column":17}},"23":{"start":{"line":70,"column":4},"end":{"line":75,"column":null}},"24":{"start":{"line":71,"column":5},"end":{"line":74,"column":7}},"25":{"start":{"line":78,"column":3},"end":{"line":78,"column":19}},"26":{"start":{"line":81,"column":2},"end":{"line":81,"column":12}},"27":{"start":{"line":85,"column":0},"end":{"line":85,"column":24}}},"fnMap":{"0":{"name":"backfill","decl":{"start":{"line":29,"column":15},"end":{"line":29,"column":23}},"loc":{"start":{"line":31,"column":46},"end":{"line":83,"column":null}}}},"branchMap":{"0":{"loc":{"start":{"line":36,"column":2},"end":{"line":79,"column":null}},"type":"if","locations":[{"start":{"line":36,"column":2},"end":{"line":79,"column":null}},{"start":{"line":36,"column":2},"end":{"line":79,"column":null}}]},"1":{"loc":{"start":{"line":39,"column":9},"end":{"line":79,"column":null}},"type":"if","locations":[{"start":{"line":39,"column":9},"end":{"line":79,"column":null}},{"start":{"line":39,"column":9},"end":{"line":79,"column":null}}]},"2":{"loc":{"start":{"line":57,"column":4},"end":{"line":60,"column":null}},"type":"if","locations":[{"start":{"line":57,"column":4},"end":{"line":60,"column":null}},{"start":{"line":57,"column":4},"end":{"line":60,"column":null}}]},"3":{"loc":{"start":{"line":61,"column":4},"end":{"line":65,"column":null}},"type":"if","locations":[{"start":{"line":61,"column":4},"end":{"line":65,"column":null}},{"start":{"line":61,"column":4},"end":{"line":65,"column":null}}]}},"s":{"0":3,"1":3,"2":3,"3":7,"4":7,"5":7,"6":4,"7":3,"8":3,"9":3,"10":6,"11":6,"12":3,"13":3,"14":6,"15":6,"16":3,"17":3,"18":3,"19":0,"20":3,"21":3,"22":3,"23":168,"24":336,"25":3,"26":0,"27":3},"f":{"0":7},"b":{"0":[4,3],"1":[3,0],"2":[3,3],"3":[0,3]}}
,"/home/jake/Documents/Code/Algotia/core/src/methods/backtest/executeStrategy.ts": {"path":"/home/jake/Documents/Code/Algotia/core/src/methods/backtest/executeStrategy.ts","statementMap":{"0":{"start":{"line":1,"column":0},"end":{"line":1,"column":null}},"1":{"start":{"line":19,"column":0},"end":{"line":19,"column":58}},"2":{"start":{"line":20,"column":0},"end":{"line":20,"column":36}},"3":{"start":{"line":22,"column":22},"end":{"line":34,"column":2}},"4":{"start":{"line":27,"column":19},"end":{"line":34,"column":2}},"5":{"start":{"line":28,"column":1},"end":{"line":33,"column":null}},"6":{"start":{"line":29,"column":2},"end":{"line":29,"column":50}},"7":{"start":{"line":30,"column":2},"end":{"line":30,"column":73}},"8":{"start":{"line":32,"column":2},"end":{"line":32,"column":12}},"9":{"start":{"line":56,"column":1},"end":{"line":157,"column":null}},"10":{"start":{"line":61,"column":23},"end":{"line":61,"column":30}},"11":{"start":{"line":65,"column":23},"end":{"line":85,"column":4}},"12":{"start":{"line":65,"column":65},"end":{"line":85,"column":4}},"13":{"start":{"line":66,"column":3},"end":{"line":84,"column":null}},"14":{"start":{"line":67,"column":4},"end":{"line":71,"column":null}},"15":{"start":{"line":68,"column":5},"end":{"line":68,"column":42}},"16":{"start":{"line":70,"column":5},"end":{"line":70,"column":36}},"17":{"start":{"line":74,"column":4},"end":{"line":83,"column":null}},"18":{"start":{"line":75,"column":22},"end":{"line":75,"column":52}},"19":{"start":{"line":76,"column":5},"end":{"line":82,"column":null}},"20":{"start":{"line":77,"column":6},"end":{"line":77,"column":55}},"21":{"start":{"line":79,"column":6},"end":{"line":81,"column":9}},"22":{"start":{"line":87,"column":2},"end":{"line":112,"column":null}},"23":{"start":{"line":87,"column":15},"end":{"line":87,"column":16}},"24":{"start":{"line":88,"column":22},"end":{"line":88,"column":29}},"25":{"start":{"line":89,"column":23},"end":{"line":89,"column":34}},"26":{"start":{"line":91,"column":3},"end":{"line":94,"column":null}},"27":{"start":{"line":92,"column":4},"end":{"line":92,"column":35}},"28":{"start":{"line":93,"column":4},"end":{"line":93,"column":10}},"29":{"start":{"line":96,"column":3},"end":{"line":104,"column":null}},"30":{"start":{"line":98,"column":4},"end":{"line":103,"column":6}},"31":{"start":{"line":106,"column":3},"end":{"line":106,"column":34}},"32":{"start":{"line":109,"column":3},"end":{"line":111,"column":null}},"33":{"start":{"line":110,"column":4},"end":{"line":110,"column":60}},"34":{"start":{"line":113,"column":8},"end":{"line":157,"column":null}},"35":{"start":{"line":118,"column":23},"end":{"line":118,"column":30}},"36":{"start":{"line":120,"column":23},"end":{"line":133,"column":4}},"37":{"start":{"line":120,"column":61},"end":{"line":133,"column":4}},"38":{"start":{"line":121,"column":3},"end":{"line":132,"column":null}},"39":{"start":{"line":122,"column":4},"end":{"line":126,"column":null}},"40":{"start":{"line":123,"column":5},"end":{"line":123,"column":38}},"41":{"start":{"line":125,"column":5},"end":{"line":125,"column":32}},"42":{"start":{"line":129,"column":4},"end":{"line":131,"column":null}},"43":{"start":{"line":130,"column":5},"end":{"line":130,"column":38}},"44":{"start":{"line":135,"column":33},"end":{"line":135,"column":35}},"45":{"start":{"line":137,"column":2},"end":{"line":154,"column":null}},"46":{"start":{"line":137,"column":15},"end":{"line":137,"column":16}},"47":{"start":{"line":138,"column":22},"end":{"line":138,"column":29}},"48":{"start":{"line":139,"column":23},"end":{"line":139,"column":34}},"49":{"start":{"line":141,"column":3},"end":{"line":144,"column":null}},"50":{"start":{"line":142,"column":4},"end":{"line":142,"column":35}},"51":{"start":{"line":143,"column":4},"end":{"line":143,"column":10}},"52":{"start":{"line":147,"column":3},"end":{"line":147,"column":67}},"53":{"start":{"line":150,"column":3},"end":{"line":150,"column":34}},"54":{"start":{"line":153,"column":3},"end":{"line":153,"column":51}},"55":{"start":{"line":156,"column":2},"end":{"line":156,"column":24}},"56":{"start":{"line":160,"column":0},"end":{"line":160,"column":31}}},"fnMap":{"0":{"name":"(anonymous_8)","decl":{"start":{"line":22,"column":22},"end":{"line":22,"column":null}},"loc":{"start":{"line":27,"column":19},"end":{"line":34,"column":2}}},"1":{"name":"(anonymous_9)","decl":{"start":{"line":27,"column":19},"end":{"line":27,"column":null}},"loc":{"start":{"line":27,"column":19},"end":{"line":34,"column":1}}},"2":{"name":"executeStrategy","decl":{"start":{"line":50,"column":15},"end":{"line":50,"column":30}},"loc":{"start":{"line":54,"column":57},"end":{"line":158,"column":null}}},"3":{"name":"(anonymous_12)","decl":{"start":{"line":65,"column":23},"end":{"line":65,"column":30}},"loc":{"start":{"line":65,"column":65},"end":{"line":85,"column":4}}},"4":{"name":"(anonymous_13)","decl":{"start":{"line":65,"column":65},"end":{"line":65,"column":null}},"loc":{"start":{"line":65,"column":65},"end":{"line":85,"column":3}}},"5":{"name":"(anonymous_14)","decl":{"start":{"line":120,"column":23},"end":{"line":120,"column":30}},"loc":{"start":{"line":120,"column":61},"end":{"line":133,"column":4}}},"6":{"name":"(anonymous_15)","decl":{"start":{"line":120,"column":61},"end":{"line":120,"column":null}},"loc":{"start":{"line":120,"column":61},"end":{"line":133,"column":3}}}},"branchMap":{"0":{"loc":{"start":{"line":56,"column":1},"end":{"line":157,"column":null}},"type":"if","locations":[{"start":{"line":56,"column":1},"end":{"line":157,"column":null}},{"start":{"line":56,"column":1},"end":{"line":157,"column":null}}]},"1":{"loc":{"start":{"line":57,"column":2},"end":{"line":57,"column":36}},"type":"binary-expr","locations":[{"start":{"line":57,"column":2},"end":{"line":57,"column":36}},{"start":{"line":58,"column":2},"end":{"line":58,"column":26}},{"start":{"line":59,"column":2},"end":{"line":59,"column":28}}]},"2":{"loc":{"start":{"line":67,"column":4},"end":{"line":71,"column":null}},"type":"if","locations":[{"start":{"line":67,"column":4},"end":{"line":71,"column":null}},{"start":{"line":67,"column":4},"end":{"line":71,"column":null}}]},"3":{"loc":{"start":{"line":74,"column":4},"end":{"line":83,"column":null}},"type":"if","locations":[{"start":{"line":74,"column":4},"end":{"line":83,"column":null}},{"start":{"line":74,"column":4},"end":{"line":83,"column":null}}]},"4":{"loc":{"start":{"line":76,"column":5},"end":{"line":82,"column":null}},"type":"if","locations":[{"start":{"line":76,"column":5},"end":{"line":82,"column":null}},{"start":{"line":76,"column":5},"end":{"line":82,"column":null}}]},"5":{"loc":{"start":{"line":76,"column":9},"end":{"line":76,"column":17}},"type":"binary-expr","locations":[{"start":{"line":76,"column":9},"end":{"line":76,"column":17}},{"start":{"line":76,"column":21},"end":{"line":76,"column":45}}]},"6":{"loc":{"start":{"line":91,"column":3},"end":{"line":94,"column":null}},"type":"if","locations":[{"start":{"line":91,"column":3},"end":{"line":94,"column":null}},{"start":{"line":91,"column":3},"end":{"line":94,"column":null}}]},"7":{"loc":{"start":{"line":113,"column":8},"end":{"line":157,"column":null}},"type":"if","locations":[{"start":{"line":113,"column":8},"end":{"line":157,"column":null}},{"start":{"line":113,"column":8},"end":{"line":157,"column":null}}]},"8":{"loc":{"start":{"line":114,"column":2},"end":{"line":114,"column":37}},"type":"binary-expr","locations":[{"start":{"line":114,"column":2},"end":{"line":114,"column":37}},{"start":{"line":115,"column":2},"end":{"line":115,"column":27}},{"start":{"line":116,"column":2},"end":{"line":116,"column":29}}]},"9":{"loc":{"start":{"line":122,"column":4},"end":{"line":126,"column":null}},"type":"if","locations":[{"start":{"line":122,"column":4},"end":{"line":126,"column":null}},{"start":{"line":122,"column":4},"end":{"line":126,"column":null}}]},"10":{"loc":{"start":{"line":129,"column":4},"end":{"line":131,"column":null}},"type":"if","locations":[{"start":{"line":129,"column":4},"end":{"line":131,"column":null}},{"start":{"line":129,"column":4},"end":{"line":131,"column":null}}]},"11":{"loc":{"start":{"line":141,"column":3},"end":{"line":144,"column":null}},"type":"if","locations":[{"start":{"line":141,"column":3},"end":{"line":144,"column":null}},{"start":{"line":141,"column":3},"end":{"line":144,"column":null}}]}},"s":{"0":3,"1":3,"2":3,"3":3,"4":69,"5":69,"6":69,"7":69,"8":0,"9":2,"10":1,"11":1,"12":24,"13":24,"14":24,"15":24,"16":0,"17":0,"18":0,"19":0,"20":0,"21":0,"22":1,"23":1,"24":24,"25":24,"26":24,"27":1,"28":1,"29":23,"30":46,"31":23,"32":23,"33":46,"34":1,"35":1,"36":1,"37":24,"38":24,"39":24,"40":24,"41":0,"42":0,"43":0,"44":1,"45":1,"46":1,"47":24,"48":24,"49":24,"50":1,"51":1,"52":23,"53":23,"54":23,"55":1,"56":3},"f":{"0":69,"1":69,"2":2,"3":24,"4":24,"5":24,"6":24},"b":{"0":[1,1],"1":[2,1,1],"2":[24,0],"3":[0,0],"4":[0,0],"5":[0,0],"6":[1,23],"7":[1,0],"8":[1,1,1],"9":[24,0],"10":[0,0],"11":[1,23]}}
,"/home/jake/Documents/Code/Algotia/core/src/methods/backtest/fetchRecords.ts": {"path":"/home/jake/Documents/Code/Algotia/core/src/methods/backtest/fetchRecords.ts","statementMap":{"0":{"start":{"line":10,"column":0},"end":{"line":10,"column":null}},"1":{"start":{"line":21,"column":14},"end":{"line":22,"column":51}},"2":{"start":{"line":21,"column":35},"end":{"line":22,"column":51}},"3":{"start":{"line":22,"column":1},"end":{"line":22,"column":51}},"4":{"start":{"line":22,"column":26},"end":{"line":22,"column":49}},"5":{"start":{"line":25,"column":19},"end":{"line":83,"column":2}},"6":{"start":{"line":29,"column":19},"end":{"line":83,"column":2}},"7":{"start":{"line":30,"column":1},"end":{"line":82,"column":null}},"8":{"start":{"line":31,"column":51},"end":{"line":31,"column":58}},"9":{"start":{"line":33,"column":24},"end":{"line":33,"column":69}},"10":{"start":{"line":35,"column":25},"end":{"line":35,"column":27}},"11":{"start":{"line":36,"column":2},"end":{"line":70,"column":null}},"12":{"start":{"line":37,"column":17},"end":{"line":37,"column":25}},"13":{"start":{"line":39,"column":32},"end":{"line":39,"column":40}},"14":{"start":{"line":41,"column":28},"end":{"line":41,"column":30}},"15":{"start":{"line":42,"column":21},"end":{"line":42,"column":26}},"16":{"start":{"line":43,"column":24},"end":{"line":43,"column":36}},"17":{"start":{"line":44,"column":14},"end":{"line":44,"column":15}},"18":{"start":{"line":46,"column":3},"end":{"line":69,"column":null}},"19":{"start":{"line":47,"column":4},"end":{"line":49,"column":null}},"20":{"start":{"line":48,"column":5},"end":{"line":48,"column":23}},"21":{"start":{"line":50,"column":24},"end":{"line":50,"column":57}},"22":{"start":{"line":52,"column":5},"end":{"line":52,"column":68}},"23":{"start":{"line":54,"column":21},"end":{"line":58,"column":null}},"24":{"start":{"line":61,"column":18},"end":{"line":61,"column":50}},"25":{"start":{"line":63,"column":4},"end":{"line":63,"column":76}},"26":{"start":{"line":65,"column":4},"end":{"line":65,"column":27}},"27":{"start":{"line":66,"column":4},"end":{"line":66,"column":52}},"28":{"start":{"line":67,"column":4},"end":{"line":67,"column":35}},"29":{"start":{"line":68,"column":4},"end":{"line":68,"column":11}},"30":{"start":{"line":72,"column":26},"end":{"line":77,"column":4}},"31":{"start":{"line":73,"column":3},"end":{"line":75,"column":null}},"32":{"start":{"line":79,"column":2},"end":{"line":79,"column":55}},"33":{"start":{"line":81,"column":2},"end":{"line":81,"column":12}},"34":{"start":{"line":86,"column":25},"end":{"line":122,"column":2}},"35":{"start":{"line":90,"column":32},"end":{"line":122,"column":2}},"36":{"start":{"line":91,"column":1},"end":{"line":121,"column":null}},"37":{"start":{"line":92,"column":51},"end":{"line":92,"column":58}},"38":{"start":{"line":94,"column":15},"end":{"line":94,"column":51}},"39":{"start":{"line":96,"column":2},"end":{"line":96,"column":62}},"40":{"start":{"line":98,"column":18},"end":{"line":114,"column":13}},"41":{"start":{"line":116,"column":2},"end":{"line":116,"column":58}},"42":{"start":{"line":118,"column":2},"end":{"line":118,"column":17}},"43":{"start":{"line":120,"column":2},"end":{"line":120,"column":12}},"44":{"start":{"line":125,"column":28},"end":{"line":154,"column":1}},"45":{"start":{"line":130,"column":80},"end":{"line":130,"column":87}},"46":{"start":{"line":133,"column":19},"end":{"line":133,"column":47}},"47":{"start":{"line":134,"column":17},"end":{"line":134,"column":43}},"48":{"start":{"line":137,"column":1},"end":{"line":141,"column":null}},"49":{"start":{"line":138,"column":2},"end":{"line":138,"column":41}},"50":{"start":{"line":140,"column":2},"end":{"line":140,"column":43}},"51":{"start":{"line":143,"column":22},"end":{"line":143,"column":47}},"52":{"start":{"line":144,"column":24},"end":{"line":144,"column":68}},"53":{"start":{"line":146,"column":1},"end":{"line":152,"column":null}},"54":{"start":{"line":158,"column":29},"end":{"line":221,"column":2}},"55":{"start":{"line":162,"column":25},"end":{"line":221,"column":2}},"56":{"start":{"line":163,"column":1},"end":{"line":220,"column":null}},"57":{"start":{"line":164,"column":50},"end":{"line":164,"column":57}},"58":{"start":{"line":167,"column":20},"end":{"line":167,"column":75}},"59":{"start":{"line":169,"column":2},"end":{"line":217,"column":null}},"60":{"start":{"line":171,"column":3},"end":{"line":171,"column":13}},"61":{"start":{"line":174,"column":24},"end":{"line":174,"column":67}},"62":{"start":{"line":174,"column":57},"end":{"line":174,"column":66}},"63":{"start":{"line":177,"column":40},"end":{"line":177,"column":42}},"64":{"start":{"line":179,"column":3},"end":{"line":182,"column":null}},"65":{"start":{"line":179,"column":16},"end":{"line":179,"column":17}},"66":{"start":{"line":180,"column":22},"end":{"line":180,"column":46}},"67":{"start":{"line":181,"column":4},"end":{"line":181,"column":41}},"68":{"start":{"line":184,"column":3},"end":{"line":184,"column":58}},"69":{"start":{"line":187,"column":23},"end":{"line":188,"column":null}},"70":{"start":{"line":188,"column":12},"end":{"line":188,"column":38}},"71":{"start":{"line":191,"column":3},"end":{"line":191,"column":59}},"72":{"start":{"line":196,"column":28},"end":{"line":196,"column":30}},"73":{"start":{"line":197,"column":27},"end":{"line":197,"column":29}},"74":{"start":{"line":199,"column":3},"end":{"line":214,"column":null}},"75":{"start":{"line":199,"column":16},"end":{"line":199,"column":17}},"76":{"start":{"line":200,"column":26},"end":{"line":200,"column":40}},"77":{"start":{"line":201,"column":26},"end":{"line":201,"column":44}},"78":{"start":{"line":203,"column":4},"end":{"line":203,"column":32}},"79":{"start":{"line":205,"column":4},"end":{"line":208,"column":null}},"80":{"start":{"line":206,"column":5},"end":{"line":206,"column":26}},"81":{"start":{"line":207,"column":5},"end":{"line":207,"column":11}},"82":{"start":{"line":210,"column":4},"end":{"line":213,"column":null}},"83":{"start":{"line":211,"column":5},"end":{"line":211,"column":26}},"84":{"start":{"line":212,"column":5},"end":{"line":212,"column":18}},"85":{"start":{"line":216,"column":3},"end":{"line":216,"column":17}},"86":{"start":{"line":219,"column":2},"end":{"line":219,"column":12}},"87":{"start":{"line":224,"column":21},"end":{"line":289,"column":2}},"88":{"start":{"line":228,"column":32},"end":{"line":289,"column":2}},"89":{"start":{"line":229,"column":1},"end":{"line":288,"column":null}},"90":{"start":{"line":230,"column":29},"end":{"line":230,"column":65}},"91":{"start":{"line":232,"column":27},"end":{"line":232,"column":76}},"92":{"start":{"line":234,"column":13},"end":{"line":234,"column":41}},"93":{"start":{"line":236,"column":2},"end":{"line":246,"column":4}},"94":{"start":{"line":251,"column":24},"end":{"line":254,"column":null}},"95":{"start":{"line":258,"column":25},"end":{"line":262,"column":66}},"96":{"start":{"line":260,"column":4},"end":{"line":260,"column":22}},"97":{"start":{"line":262,"column":39},"end":{"line":262,"column":62}},"98":{"start":{"line":265,"column":2},"end":{"line":271,"column":null}},"99":{"start":{"line":266,"column":3},"end":{"line":268,"column":5}},"100":{"start":{"line":270,"column":3},"end":{"line":270,"column":73}},"101":{"start":{"line":274,"column":18},"end":{"line":277,"column":null}},"102":{"start":{"line":280,"column":2},"end":{"line":283,"column":4}},"103":{"start":{"line":285,"column":2},"end":{"line":285,"column":17}},"104":{"start":{"line":287,"column":2},"end":{"line":287,"column":12}},"105":{"start":{"line":291,"column":0},"end":{"line":291,"column":28}}},"fnMap":{"0":{"name":"(anonymous_7)","decl":{"start":{"line":21,"column":14},"end":{"line":21,"column":21}},"loc":{"start":{"line":21,"column":35},"end":{"line":22,"column":51}}},"1":{"name":"(anonymous_8)","decl":{"start":{"line":21,"column":35},"end":{"line":21,"column":null}},"loc":{"start":{"line":21,"column":35},"end":{"line":22,"column":51}}},"2":{"name":"(anonymous_9)","decl":{"start":{"line":22,"column":13},"end":{"line":22,"column":14}},"loc":{"start":{"line":22,"column":26},"end":{"line":22,"column":49}}},"3":{"name":"(anonymous_10)","decl":{"start":{"line":25,"column":19},"end":{"line":25,"column":null}},"loc":{"start":{"line":29,"column":19},"end":{"line":83,"column":2}}},"4":{"name":"(anonymous_11)","decl":{"start":{"line":29,"column":19},"end":{"line":29,"column":null}},"loc":{"start":{"line":29,"column":19},"end":{"line":83,"column":1}}},"5":{"name":"(anonymous_12)","decl":{"start":{"line":72,"column":38},"end":{"line":72,"column":39}},"loc":{"start":{"line":72,"column":49},"end":{"line":77,"column":3}}},"6":{"name":"(anonymous_13)","decl":{"start":{"line":86,"column":25},"end":{"line":86,"column":null}},"loc":{"start":{"line":90,"column":32},"end":{"line":122,"column":2}}},"7":{"name":"(anonymous_14)","decl":{"start":{"line":90,"column":32},"end":{"line":90,"column":null}},"loc":{"start":{"line":90,"column":32},"end":{"line":122,"column":1}}},"8":{"name":"(anonymous_15)","decl":{"start":{"line":125,"column":28},"end":{"line":125,"column":null}},"loc":{"start":{"line":129,"column":30},"end":{"line":154,"column":1}}},"9":{"name":"(anonymous_16)","decl":{"start":{"line":158,"column":29},"end":{"line":158,"column":null}},"loc":{"start":{"line":162,"column":25},"end":{"line":221,"column":2}}},"10":{"name":"(anonymous_17)","decl":{"start":{"line":162,"column":25},"end":{"line":162,"column":null}},"loc":{"start":{"line":162,"column":25},"end":{"line":221,"column":1}}},"11":{"name":"(anonymous_18)","decl":{"start":{"line":174,"column":38},"end":{"line":174,"column":39}},"loc":{"start":{"line":174,"column":57},"end":{"line":174,"column":66}}},"12":{"name":"(anonymous_19)","decl":{"start":{"line":188,"column":4},"end":{"line":188,"column":5}},"loc":{"start":{"line":188,"column":12},"end":{"line":188,"column":38}}},"13":{"name":"(anonymous_20)","decl":{"start":{"line":224,"column":21},"end":{"line":224,"column":null}},"loc":{"start":{"line":228,"column":32},"end":{"line":289,"column":2}}},"14":{"name":"(anonymous_21)","decl":{"start":{"line":228,"column":32},"end":{"line":228,"column":null}},"loc":{"start":{"line":228,"column":32},"end":{"line":289,"column":1}}},"15":{"name":"(anonymous_22)","decl":{"start":{"line":259,"column":8},"end":{"line":259,"column":9}},"loc":{"start":{"line":259,"column":16},"end":{"line":261,"column":4}}},"16":{"name":"(anonymous_23)","decl":{"start":{"line":262,"column":11},"end":{"line":262,"column":12}},"loc":{"start":{"line":262,"column":39},"end":{"line":262,"column":62}}}},"branchMap":{"0":{"loc":{"start":{"line":47,"column":4},"end":{"line":49,"column":null}},"type":"if","locations":[{"start":{"line":47,"column":4},"end":{"line":49,"column":null}},{"start":{"line":47,"column":4},"end":{"line":49,"column":null}}]},"1":{"loc":{"start":{"line":52,"column":38},"end":{"line":52,"column":54}},"type":"cond-expr","locations":[{"start":{"line":52,"column":38},"end":{"line":52,"column":54}},{"start":{"line":52,"column":57},"end":{"line":52,"column":68}}]},"2":{"loc":{"start":{"line":137,"column":1},"end":{"line":141,"column":null}},"type":"if","locations":[{"start":{"line":137,"column":1},"end":{"line":141,"column":null}},{"start":{"line":137,"column":1},"end":{"line":141,"column":null}}]},"3":{"loc":{"start":{"line":169,"column":2},"end":{"line":217,"column":null}},"type":"if","locations":[{"start":{"line":169,"column":2},"end":{"line":217,"column":null}},{"start":{"line":169,"column":2},"end":{"line":217,"column":null}}]},"4":{"loc":{"start":{"line":205,"column":4},"end":{"line":208,"column":null}},"type":"if","locations":[{"start":{"line":205,"column":4},"end":{"line":208,"column":null}},{"start":{"line":205,"column":4},"end":{"line":208,"column":null}}]},"5":{"loc":{"start":{"line":210,"column":4},"end":{"line":213,"column":null}},"type":"if","locations":[{"start":{"line":210,"column":4},"end":{"line":213,"column":null}},{"start":{"line":210,"column":4},"end":{"line":213,"column":null}}]},"6":{"loc":{"start":{"line":265,"column":2},"end":{"line":271,"column":null}},"type":"if","locations":[{"start":{"line":265,"column":2},"end":{"line":271,"column":null}},{"start":{"line":265,"column":2},"end":{"line":271,"column":null}}]}},"s":{"0":3,"1":3,"2":0,"3":0,"4":0,"5":3,"6":0,"7":0,"8":0,"9":0,"10":0,"11":0,"12":0,"13":0,"14":0,"15":0,"16":0,"17":0,"18":0,"19":0,"20":0,"21":0,"22":0,"23":0,"24":0,"25":0,"26":0,"27":0,"28":0,"29":0,"30":0,"31":0,"32":0,"33":0,"34":3,"35":20,"36":20,"37":20,"38":20,"39":20,"40":20,"41":20,"42":20,"43":0,"44":3,"45":10,"46":10,"47":10,"48":10,"49":4,"50":6,"51":10,"52":10,"53":10,"54":3,"55":10,"56":10,"57":10,"58":10,"59":10,"60":10,"61":0,"62":0,"63":0,"64":0,"65":0,"66":0,"67":0,"68":0,"69":0,"70":0,"71":0,"72":0,"73":0,"74":0,"75":0,"76":0,"77":0,"78":0,"79":0,"80":0,"81":0,"82":0,"83":0,"84":0,"85":0,"86":0,"87":3,"88":10,"89":10,"90":10,"91":10,"92":10,"93":10,"94":10,"95":10,"96":0,"97":0,"98":10,"99":0,"100":0,"101":10,"102":10,"103":10,"104":0,"105":3},"f":{"0":0,"1":0,"2":0,"3":0,"4":0,"5":0,"6":20,"7":20,"8":10,"9":10,"10":10,"11":0,"12":0,"13":10,"14":10,"15":0,"16":0},"b":{"0":[0,0],"1":[0,0],"2":[4,6],"3":[10,0],"4":[0,0],"5":[0,0],"6":[0,10]}}
,"/home/jake/Documents/Code/Algotia/core/src/methods/backtest/fillOrder.ts": {"path":"/home/jake/Documents/Code/Algotia/core/src/methods/backtest/fillOrder.ts","statementMap":{"0":{"start":{"line":1,"column":0},"end":{"line":1,"column":null}},"1":{"start":{"line":6,"column":0},"end":{"line":6,"column":null}},"2":{"start":{"line":15,"column":0},"end":{"line":15,"column":27}},"3":{"start":{"line":17,"column":24},"end":{"line":21,"column":1}},"4":{"start":{"line":18,"column":1},"end":{"line":20,"column":null}},"5":{"start":{"line":19,"column":2},"end":{"line":19,"column":14}},"6":{"start":{"line":23,"column":20},"end":{"line":59,"column":2}},"7":{"start":{"line":26,"column":20},"end":{"line":59,"column":2}},"8":{"start":{"line":27,"column":1},"end":{"line":58,"column":null}},"9":{"start":{"line":28,"column":18},"end":{"line":28,"column":57}},"10":{"start":{"line":29,"column":15},"end":{"line":29,"column":40}},"11":{"start":{"line":30,"column":19},"end":{"line":30,"column":37}},"12":{"start":{"line":31,"column":20},"end":{"line":31,"column":34}},"13":{"start":{"line":32,"column":57},"end":{"line":32,"column":62}},"14":{"start":{"line":35,"column":2},"end":{"line":37,"column":null}},"15":{"start":{"line":36,"column":3},"end":{"line":36,"column":21}},"16":{"start":{"line":38,"column":37},"end":{"line":50,"column":4}},"17":{"start":{"line":52,"column":2},"end":{"line":54,"column":null}},"18":{"start":{"line":57,"column":2},"end":{"line":57,"column":12}},"19":{"start":{"line":60,"column":19},"end":{"line":87,"column":2}},"20":{"start":{"line":64,"column":4},"end":{"line":87,"column":2}},"21":{"start":{"line":65,"column":19},"end":{"line":65,"column":26}},"22":{"start":{"line":67,"column":15},"end":{"line":67,"column":48}},"23":{"start":{"line":69,"column":21},"end":{"line":69,"column":50}},"24":{"start":{"line":71,"column":44},"end":{"line":77,"column":3}},"25":{"start":{"line":79,"column":48},"end":{"line":81,"column":3}},"26":{"start":{"line":83,"column":1},"end":{"line":83,"column":48}},"27":{"start":{"line":85,"column":1},"end":{"line":85,"column":57}},"28":{"start":{"line":86,"column":1},"end":{"line":86,"column":57}},"29":{"start":{"line":89,"column":22},"end":{"line":152,"column":2}},"30":{"start":{"line":94,"column":4},"end":{"line":152,"column":2}},"31":{"start":{"line":95,"column":1},"end":{"line":151,"column":null}},"32":{"start":{"line":96,"column":20},"end":{"line":96,"column":27}},"33":{"start":{"line":99,"column":18},"end":{"line":99,"column":47}},"34":{"start":{"line":101,"column":24},"end":{"line":101,"column":47}},"35":{"start":{"line":103,"column":32},"end":{"line":105,"column":null}},"36":{"start":{"line":108,"column":2},"end":{"line":148,"column":null}},"37":{"start":{"line":110,"column":3},"end":{"line":127,"column":null}},"38":{"start":{"line":112,"column":4},"end":{"line":116,"column":7}},"39":{"start":{"line":120,"column":4},"end":{"line":124,"column":7}},"40":{"start":{"line":126,"column":4},"end":{"line":126,"column":47}},"41":{"start":{"line":128,"column":9},"end":{"line":148,"column":null}},"42":{"start":{"line":130,"column":3},"end":{"line":147,"column":null}},"43":{"start":{"line":132,"column":4},"end":{"line":136,"column":7}},"44":{"start":{"line":140,"column":4},"end":{"line":144,"column":7}},"45":{"start":{"line":146,"column":4},"end":{"line":146,"column":47}},"46":{"start":{"line":150,"column":2},"end":{"line":150,"column":12}},"47":{"start":{"line":154,"column":18},"end":{"line":171,"column":2}},"48":{"start":{"line":158,"column":19},"end":{"line":171,"column":2}},"49":{"start":{"line":159,"column":1},"end":{"line":170,"column":null}},"50":{"start":{"line":160,"column":20},"end":{"line":160,"column":27}},"51":{"start":{"line":162,"column":21},"end":{"line":162,"column":64}},"52":{"start":{"line":163,"column":2},"end":{"line":167,"column":null}},"53":{"start":{"line":164,"column":27},"end":{"line":164,"column":55}},"54":{"start":{"line":165,"column":21},"end":{"line":165,"column":59}},"55":{"start":{"line":166,"column":3},"end":{"line":166,"column":61}},"56":{"start":{"line":169,"column":2},"end":{"line":169,"column":12}},"57":{"start":{"line":173,"column":0},"end":{"line":173,"column":25}}},"fnMap":{"0":{"name":"(anonymous_8)","decl":{"start":{"line":17,"column":24},"end":{"line":17,"column":25}},"loc":{"start":{"line":17,"column":66},"end":{"line":21,"column":1}}},"1":{"name":"(anonymous_9)","decl":{"start":{"line":23,"column":20},"end":{"line":23,"column":null}},"loc":{"start":{"line":26,"column":20},"end":{"line":59,"column":2}}},"2":{"name":"(anonymous_10)","decl":{"start":{"line":26,"column":20},"end":{"line":26,"column":null}},"loc":{"start":{"line":26,"column":20},"end":{"line":59,"column":1}}},"3":{"name":"(anonymous_11)","decl":{"start":{"line":60,"column":19},"end":{"line":60,"column":null}},"loc":{"start":{"line":64,"column":4},"end":{"line":87,"column":2}}},"4":{"name":"(anonymous_12)","decl":{"start":{"line":64,"column":4},"end":{"line":64,"column":null}},"loc":{"start":{"line":64,"column":4},"end":{"line":87,"column":1}}},"5":{"name":"(anonymous_13)","decl":{"start":{"line":89,"column":22},"end":{"line":89,"column":null}},"loc":{"start":{"line":94,"column":4},"end":{"line":152,"column":2}}},"6":{"name":"(anonymous_14)","decl":{"start":{"line":94,"column":4},"end":{"line":94,"column":null}},"loc":{"start":{"line":94,"column":4},"end":{"line":152,"column":1}}},"7":{"name":"(anonymous_15)","decl":{"start":{"line":154,"column":18},"end":{"line":154,"column":null}},"loc":{"start":{"line":158,"column":19},"end":{"line":171,"column":2}}},"8":{"name":"(anonymous_16)","decl":{"start":{"line":158,"column":19},"end":{"line":158,"column":null}},"loc":{"start":{"line":158,"column":19},"end":{"line":171,"column":1}}}},"branchMap":{"0":{"loc":{"start":{"line":18,"column":1},"end":{"line":20,"column":null}},"type":"if","locations":[{"start":{"line":18,"column":1},"end":{"line":20,"column":null}},{"start":{"line":18,"column":1},"end":{"line":20,"column":null}}]},"1":{"loc":{"start":{"line":18,"column":5},"end":{"line":18,"column":22}},"type":"binary-expr","locations":[{"start":{"line":18,"column":5},"end":{"line":18,"column":22}},{"start":{"line":18,"column":26},"end":{"line":18,"column":33}}]},"2":{"loc":{"start":{"line":35,"column":2},"end":{"line":37,"column":null}},"type":"if","locations":[{"start":{"line":35,"column":2},"end":{"line":37,"column":null}},{"start":{"line":35,"column":2},"end":{"line":37,"column":null}}]},"3":{"loc":{"start":{"line":108,"column":2},"end":{"line":148,"column":null}},"type":"if","locations":[{"start":{"line":108,"column":2},"end":{"line":148,"column":null}},{"start":{"line":108,"column":2},"end":{"line":148,"column":null}}]},"4":{"loc":{"start":{"line":110,"column":3},"end":{"line":127,"column":null}},"type":"if","locations":[{"start":{"line":110,"column":3},"end":{"line":127,"column":null}},{"start":{"line":110,"column":3},"end":{"line":127,"column":null}}]},"5":{"loc":{"start":{"line":128,"column":9},"end":{"line":148,"column":null}},"type":"if","locations":[{"start":{"line":128,"column":9},"end":{"line":148,"column":null}},{"start":{"line":128,"column":9},"end":{"line":148,"column":null}}]},"6":{"loc":{"start":{"line":130,"column":3},"end":{"line":147,"column":null}},"type":"if","locations":[{"start":{"line":130,"column":3},"end":{"line":147,"column":null}},{"start":{"line":130,"column":3},"end":{"line":147,"column":null}}]}},"s":{"0":3,"1":3,"2":3,"3":3,"4":46,"5":46,"6":3,"7":46,"8":46,"9":46,"10":46,"11":46,"12":46,"13":46,"14":46,"15":46,"16":46,"17":46,"18":0,"19":3,"20":46,"21":46,"22":46,"23":46,"24":46,"25":46,"26":46,"27":46,"28":46,"29":3,"30":322,"31":322,"32":322,"33":322,"34":322,"35":322,"36":322,"37":322,"38":46,"39":46,"40":46,"41":0,"42":0,"43":0,"44":0,"45":0,"46":0,"47":3,"48":69,"49":69,"50":69,"51":69,"52":69,"53":322,"54":322,"55":322,"56":0,"57":3},"f":{"0":46,"1":46,"2":46,"3":46,"4":46,"5":322,"6":322,"7":69,"8":69},"b":{"0":[46,0],"1":[46,0],"2":[46,0],"3":[322,0],"4":[46,276],"5":[0,0],"6":[0,0]}}
,"/home/jake/Documents/Code/Algotia/core/src/methods/backtest/getResults.ts": {"path":"/home/jake/Documents/Code/Algotia/core/src/methods/backtest/getResults.ts","statementMap":{"0":{"start":{"line":1,"column":0},"end":{"line":1,"column":null}},"1":{"start":{"line":9,"column":0},"end":{"line":9,"column":48}},"2":{"start":{"line":29,"column":25},"end":{"line":33,"column":2}},"3":{"start":{"line":32,"column":2},"end":{"line":32,"column":36}},"4":{"start":{"line":34,"column":26},"end":{"line":38,"column":2}},"5":{"start":{"line":37,"column":2},"end":{"line":37,"column":37}},"6":{"start":{"line":39,"column":33},"end":{"line":79,"column":3}},"7":{"start":{"line":41,"column":36},"end":{"line":79,"column":3}},"8":{"start":{"line":42,"column":2},"end":{"line":78,"column":null}},"9":{"start":{"line":43,"column":21},"end":{"line":43,"column":28}},"10":{"start":{"line":44,"column":21},"end":{"line":53,"column":5}},"11":{"start":{"line":44,"column":63},"end":{"line":53,"column":5}},"12":{"start":{"line":45,"column":21},"end":{"line":50,"column":null}},"13":{"start":{"line":46,"column":34},"end":{"line":50,"column":null}},"14":{"start":{"line":47,"column":23},"end":{"line":47,"column":46}},"15":{"start":{"line":48,"column":20},"end":{"line":48,"column":54}},"16":{"start":{"line":49,"column":6},"end":{"line":49,"column":19}},"17":{"start":{"line":52,"column":4},"end":{"line":52,"column":39}},"18":{"start":{"line":55,"column":24},"end":{"line":58,"column":null}},"19":{"start":{"line":61,"column":26},"end":{"line":64,"column":null}},"20":{"start":{"line":67,"column":22},"end":{"line":67,"column":51}},"21":{"start":{"line":68,"column":24},"end":{"line":68,"column":55}},"22":{"start":{"line":69,"column":19},"end":{"line":69,"column":48}},"23":{"start":{"line":71,"column":3},"end":{"line":75,"column":5}},"24":{"start":{"line":77,"column":3},"end":{"line":77,"column":13}},"25":{"start":{"line":80,"column":1},"end":{"line":96,"column":null}},"26":{"start":{"line":81,"column":2},"end":{"line":81,"column":49}},"27":{"start":{"line":82,"column":8},"end":{"line":96,"column":null}},"28":{"start":{"line":84,"column":2},"end":{"line":94,"column":null}},"29":{"start":{"line":85,"column":25},"end":{"line":85,"column":76}},"30":{"start":{"line":86,"column":3},"end":{"line":93,"column":null}},"31":{"start":{"line":87,"column":4},"end":{"line":92,"column":6}},"32":{"start":{"line":95,"column":2},"end":{"line":95,"column":17}},"33":{"start":{"line":99,"column":0},"end":{"line":99,"column":26}}},"fnMap":{"0":{"name":"getResults","decl":{"start":{"line":25,"column":15},"end":{"line":25,"column":25}},"loc":{"start":{"line":27,"column":68},"end":{"line":97,"column":null}}},"1":{"name":"(anonymous_9)","decl":{"start":{"line":29,"column":25},"end":{"line":29,"column":null}},"loc":{"start":{"line":31,"column":54},"end":{"line":33,"column":2}}},"2":{"name":"(anonymous_10)","decl":{"start":{"line":34,"column":26},"end":{"line":34,"column":null}},"loc":{"start":{"line":36,"column":38},"end":{"line":38,"column":2}}},"3":{"name":"(anonymous_11)","decl":{"start":{"line":39,"column":33},"end":{"line":39,"column":null}},"loc":{"start":{"line":41,"column":36},"end":{"line":79,"column":3}}},"4":{"name":"(anonymous_12)","decl":{"start":{"line":41,"column":36},"end":{"line":41,"column":null}},"loc":{"start":{"line":41,"column":36},"end":{"line":79,"column":2}}},"5":{"name":"(anonymous_13)","decl":{"start":{"line":44,"column":21},"end":{"line":44,"column":28}},"loc":{"start":{"line":44,"column":63},"end":{"line":53,"column":5}}},"6":{"name":"(anonymous_14)","decl":{"start":{"line":44,"column":63},"end":{"line":44,"column":null}},"loc":{"start":{"line":44,"column":63},"end":{"line":53,"column":4}}},"7":{"name":"(anonymous_15)","decl":{"start":{"line":46,"column":5},"end":{"line":46,"column":12}},"loc":{"start":{"line":46,"column":34},"end":{"line":50,"column":null}}},"8":{"name":"(anonymous_16)","decl":{"start":{"line":46,"column":34},"end":{"line":46,"column":null}},"loc":{"start":{"line":46,"column":34},"end":{"line":50,"column":6}}}},"branchMap":{"0":{"loc":{"start":{"line":80,"column":1},"end":{"line":96,"column":null}},"type":"if","locations":[{"start":{"line":80,"column":1},"end":{"line":96,"column":null}},{"start":{"line":80,"column":1},"end":{"line":96,"column":null}}]},"1":{"loc":{"start":{"line":82,"column":8},"end":{"line":96,"column":null}},"type":"if","locations":[{"start":{"line":82,"column":8},"end":{"line":96,"column":null}},{"start":{"line":82,"column":8},"end":{"line":96,"column":null}}]}},"s":{"0":3,"1":3,"2":2,"3":1,"4":2,"5":2,"6":2,"7":3,"8":3,"9":3,"10":3,"11":6,"12":6,"13":72,"14":72,"15":72,"16":72,"17":6,"18":3,"19":3,"20":3,"21":3,"22":3,"23":3,"24":0,"25":2,"26":1,"27":1,"28":1,"29":2,"30":2,"31":6,"32":1,"33":3},"f":{"0":2,"1":1,"2":2,"3":3,"4":3,"5":6,"6":6,"7":72,"8":72},"b":{"0":[1,1],"1":[1,0]}}
,"/home/jake/Documents/Code/Algotia/core/src/methods/backtest/index.ts": {"path":"/home/jake/Documents/Code/Algotia/core/src/methods/backtest/index.ts","statementMap":{"0":{"start":{"line":1,"column":0},"end":{"line":1,"column":null}},"1":{"start":{"line":12,"column":0},"end":{"line":12,"column":null}},"2":{"start":{"line":17,"column":0},"end":{"line":17,"column":34}},"3":{"start":{"line":18,"column":0},"end":{"line":18,"column":38}},"4":{"start":{"line":19,"column":0},"end":{"line":19,"column":null}},"5":{"start":{"line":23,"column":0},"end":{"line":23,"column":48}},"6":{"start":{"line":25,"column":27},"end":{"line":66,"column":2}},"7":{"start":{"line":30,"column":4},"end":{"line":66,"column":2}},"8":{"start":{"line":31,"column":1},"end":{"line":65,"column":null}},"9":{"start":{"line":32,"column":20},"end":{"line":32,"column":27}},"10":{"start":{"line":34,"column":34},"end":{"line":51,"column":4}},"11":{"start":{"line":37,"column":21},"end":{"line":51,"column":4}},"12":{"start":{"line":38,"column":3},"end":{"line":50,"column":null}},"13":{"start":{"line":39,"column":16},"end":{"line":39,"column":57}},"14":{"start":{"line":40,"column":26},"end":{"line":44,"column":6}},"15":{"start":{"line":45,"column":4},"end":{"line":48,"column":6}},"16":{"start":{"line":49,"column":4},"end":{"line":49,"column":42}},"17":{"start":{"line":53,"column":2},"end":{"line":62,"column":null}},"18":{"start":{"line":54,"column":42},"end":{"line":54,"column":49}},"19":{"start":{"line":55,"column":3},"end":{"line":57,"column":null}},"20":{"start":{"line":56,"column":4},"end":{"line":56,"column":75}},"21":{"start":{"line":58,"column":3},"end":{"line":58,"column":43}},"22":{"start":{"line":59,"column":9},"end":{"line":62,"column":null}},"23":{"start":{"line":60,"column":22},"end":{"line":60,"column":72}},"24":{"start":{"line":61,"column":3},"end":{"line":61,"column":69}},"25":{"start":{"line":64,"column":2},"end":{"line":64,"column":12}},"26":{"start":{"line":84,"column":1},"end":{"line":157,"column":null}},"27":{"start":{"line":88,"column":2},"end":{"line":88,"column":45}},"28":{"start":{"line":90,"column":2},"end":{"line":151,"column":null}},"29":{"start":{"line":94,"column":20},"end":{"line":96,"column":33}},"30":{"start":{"line":98,"column":31},"end":{"line":101,"column":null}},"31":{"start":{"line":104,"column":16},"end":{"line":104,"column":48}},"32":{"start":{"line":106,"column":18},"end":{"line":110,"column":null}},"33":{"start":{"line":114,"column":19},"end":{"line":114,"column":65}},"34":{"start":{"line":115,"column":3},"end":{"line":118,"column":null}},"35":{"start":{"line":120,"column":9},"end":{"line":151,"column":null}},"36":{"start":{"line":129,"column":3},"end":{"line":138,"column":null}},"37":{"start":{"line":130,"column":4},"end":{"line":137,"column":6}},"38":{"start":{"line":140,"column":16},"end":{"line":140,"column":48}},"39":{"start":{"line":142,"column":18},"end":{"line":142,"column":74}},"40":{"start":{"line":145,"column":19},"end":{"line":145,"column":55}},"41":{"start":{"line":146,"column":3},"end":{"line":149,"column":null}},"42":{"start":{"line":153,"column":2},"end":{"line":153,"column":12}},"43":{"start":{"line":156,"column":2},"end":{"line":156,"column":33}},"44":{"start":{"line":160,"column":0},"end":{"line":160,"column":24}}},"fnMap":{"0":{"name":"(anonymous_8)","decl":{"start":{"line":25,"column":27},"end":{"line":25,"column":null}},"loc":{"start":{"line":30,"column":4},"end":{"line":66,"column":2}}},"1":{"name":"(anonymous_9)","decl":{"start":{"line":30,"column":4},"end":{"line":30,"column":null}},"loc":{"start":{"line":30,"column":4},"end":{"line":66,"column":1}}},"2":{"name":"(anonymous_10)","decl":{"start":{"line":34,"column":34},"end":{"line":34,"column":null}},"loc":{"start":{"line":37,"column":21},"end":{"line":51,"column":4}}},"3":{"name":"(anonymous_11)","decl":{"start":{"line":37,"column":21},"end":{"line":37,"column":null}},"loc":{"start":{"line":37,"column":21},"end":{"line":51,"column":3}}},"4":{"name":"backtest","decl":{"start":{"line":80,"column":15},"end":{"line":80,"column":23}},"loc":{"start":{"line":82,"column":46},"end":{"line":158,"column":null}}}},"branchMap":{"0":{"loc":{"start":{"line":53,"column":2},"end":{"line":62,"column":null}},"type":"if","locations":[{"start":{"line":53,"column":2},"end":{"line":62,"column":null}},{"start":{"line":53,"column":2},"end":{"line":62,"column":null}}]},"1":{"loc":{"start":{"line":59,"column":9},"end":{"line":62,"column":null}},"type":"if","locations":[{"start":{"line":59,"column":9},"end":{"line":62,"column":null}},{"start":{"line":59,"column":9},"end":{"line":62,"column":null}}]},"2":{"loc":{"start":{"line":60,"column":22},"end":{"line":60,"column":38}},"type":"binary-expr","locations":[{"start":{"line":60,"column":22},"end":{"line":60,"column":38}},{"start":{"line":60,"column":42},"end":{"line":60,"column":72}}]},"3":{"loc":{"start":{"line":90,"column":2},"end":{"line":151,"column":null}},"type":"if","locations":[{"start":{"line":90,"column":2},"end":{"line":151,"column":null}},{"start":{"line":90,"column":2},"end":{"line":151,"column":null}}]},"4":{"loc":{"start":{"line":95,"column":6},"end":{"line":95,"column":41}},"type":"cond-expr","locations":[{"start":{"line":95,"column":6},"end":{"line":95,"column":41}},{"start":{"line":96,"column":6},"end":{"line":96,"column":33}}]},"5":{"loc":{"start":{"line":120,"column":9},"end":{"line":151,"column":null}},"type":"if","locations":[{"start":{"line":120,"column":9},"end":{"line":151,"column":null}},{"start":{"line":120,"column":9},"end":{"line":151,"column":null}}]}},"s":{"0":3,"1":3,"2":3,"3":3,"4":3,"5":3,"6":3,"7":2,"8":2,"9":2,"10":2,"11":3,"12":3,"13":6,"14":6,"15":6,"16":6,"17":2,"18":1,"19":1,"20":2,"21":1,"22":1,"23":1,"24":1,"25":0,"26":2,"27":2,"28":2,"29":1,"30":1,"31":1,"32":1,"33":1,"34":1,"35":1,"36":1,"37":2,"38":1,"39":1,"40":1,"41":1,"42":0,"43":2,"44":3},"f":{"0":2,"1":2,"2":3,"3":3,"4":2},"b":{"0":[1,1],"1":[1,0],"2":[1,1],"3":[1,1],"4":[0,1],"5":[1,0]}}
,"/home/jake/Documents/Code/Algotia/core/src/methods/backtest/validate.ts": {"path":"/home/jake/Documents/Code/Algotia/core/src/methods/backtest/validate.ts","statementMap":{"0":{"start":{"line":1,"column":0},"end":{"line":1,"column":null}},"1":{"start":{"line":9,"column":0},"end":{"line":9,"column":40}},"2":{"start":{"line":11,"column":17},"end":{"line":72,"column":1}},"3":{"start":{"line":14,"column":1},"end":{"line":70,"column":null}},"4":{"start":{"line":15,"column":2},"end":{"line":22,"column":null}},"5":{"start":{"line":17,"column":3},"end":{"line":21,"column":null}},"6":{"start":{"line":18,"column":4},"end":{"line":20,"column":6}},"7":{"start":{"line":24,"column":20},"end":{"line":24,"column":44}},"8":{"start":{"line":26,"column":2},"end":{"line":40,"column":null}},"9":{"start":{"line":35,"column":3},"end":{"line":39,"column":null}},"10":{"start":{"line":36,"column":4},"end":{"line":38,"column":6}},"11":{"start":{"line":41,"column":8},"end":{"line":70,"column":null}},"12":{"start":{"line":42,"column":2},"end":{"line":48,"column":null}},"13":{"start":{"line":43,"column":3},"end":{"line":47,"column":null}},"14":{"start":{"line":44,"column":4},"end":{"line":46,"column":6}},"15":{"start":{"line":49,"column":2},"end":{"line":69,"column":null}},"16":{"start":{"line":50,"column":3},"end":{"line":60,"column":null}},"17":{"start":{"line":51,"column":4},"end":{"line":53,"column":6}},"18":{"start":{"line":55,"column":4},"end":{"line":59,"column":null}},"19":{"start":{"line":56,"column":5},"end":{"line":58,"column":7}},"20":{"start":{"line":61,"column":21},"end":{"line":61,"column":45}},"21":{"start":{"line":62,"column":3},"end":{"line":68,"column":null}},"22":{"start":{"line":63,"column":4},"end":{"line":67,"column":null}},"23":{"start":{"line":64,"column":5},"end":{"line":66,"column":7}},"24":{"start":{"line":71,"column":1},"end":{"line":71,"column":16}},"25":{"start":{"line":74,"column":0},"end":{"line":74,"column":24}}},"fnMap":{"0":{"name":"(anonymous_0)","decl":{"start":{"line":11,"column":17},"end":{"line":11,"column":null}},"loc":{"start":{"line":13,"column":4},"end":{"line":72,"column":1}}}},"branchMap":{"0":{"loc":{"start":{"line":14,"column":1},"end":{"line":70,"column":null}},"type":"if","locations":[{"start":{"line":14,"column":1},"end":{"line":70,"column":null}},{"start":{"line":14,"column":1},"end":{"line":70,"column":null}}]},"1":{"loc":{"start":{"line":15,"column":2},"end":{"line":22,"column":null}},"type":"if","locations":[{"start":{"line":15,"column":2},"end":{"line":22,"column":null}},{"start":{"line":15,"column":2},"end":{"line":22,"column":null}}]},"2":{"loc":{"start":{"line":17,"column":3},"end":{"line":21,"column":null}},"type":"if","locations":[{"start":{"line":17,"column":3},"end":{"line":21,"column":null}},{"start":{"line":17,"column":3},"end":{"line":21,"column":null}}]},"3":{"loc":{"start":{"line":35,"column":3},"end":{"line":39,"column":null}},"type":"if","locations":[{"start":{"line":35,"column":3},"end":{"line":39,"column":null}},{"start":{"line":35,"column":3},"end":{"line":39,"column":null}}]},"4":{"loc":{"start":{"line":41,"column":8},"end":{"line":70,"column":null}},"type":"if","locations":[{"start":{"line":41,"column":8},"end":{"line":70,"column":null}},{"start":{"line":41,"column":8},"end":{"line":70,"column":null}}]},"5":{"loc":{"start":{"line":43,"column":3},"end":{"line":47,"column":null}},"type":"if","locations":[{"start":{"line":43,"column":3},"end":{"line":47,"column":null}},{"start":{"line":43,"column":3},"end":{"line":47,"column":null}}]},"6":{"loc":{"start":{"line":50,"column":3},"end":{"line":60,"column":null}},"type":"if","locations":[{"start":{"line":50,"column":3},"end":{"line":60,"column":null}},{"start":{"line":50,"column":3},"end":{"line":60,"column":null}}]},"7":{"loc":{"start":{"line":55,"column":4},"end":{"line":59,"column":null}},"type":"if","locations":[{"start":{"line":55,"column":4},"end":{"line":59,"column":null}},{"start":{"line":55,"column":4},"end":{"line":59,"column":null}}]},"8":{"loc":{"start":{"line":63,"column":4},"end":{"line":67,"column":null}},"type":"if","locations":[{"start":{"line":63,"column":4},"end":{"line":67,"column":null}},{"start":{"line":63,"column":4},"end":{"line":67,"column":null}}]}},"s":{"0":0,"1":0,"2":0,"3":0,"4":0,"5":0,"6":0,"7":0,"8":0,"9":0,"10":0,"11":0,"12":0,"13":0,"14":0,"15":0,"16":0,"17":0,"18":0,"19":0,"20":0,"21":0,"22":0,"23":0,"24":0,"25":0},"f":{"0":0},"b":{"0":[0,0],"1":[0,0],"2":[0,0],"3":[0,0],"4":[0,0],"5":[0,0],"6":[0,0],"7":[0,0],"8":[0,0]}}
,"/home/jake/Documents/Code/Algotia/core/src/methods/backtest/utils/currentPrice.ts": {"path":"/home/jake/Documents/Code/Algotia/core/src/methods/backtest/utils/currentPrice.ts","statementMap":{"0":{"start":{"line":3,"column":24},"end":{"line":5,"column":1}},"1":{"start":{"line":4,"column":1},"end":{"line":4,"column":46}},"2":{"start":{"line":7,"column":24},"end":{"line":19,"column":2}},"3":{"start":{"line":11,"column":21},"end":{"line":19,"column":2}},"4":{"start":{"line":12,"column":1},"end":{"line":18,"column":null}},"5":{"start":{"line":13,"column":15},"end":{"line":13,"column":48}},"6":{"start":{"line":14,"column":16},"end":{"line":14,"column":45}},"7":{"start":{"line":15,"column":2},"end":{"line":15,"column":27}},"8":{"start":{"line":17,"column":2},"end":{"line":17,"column":12}},"9":{"start":{"line":35,"column":9},"end":{"line":35,"column":24}},"10":{"start":{"line":21,"column":24},"end":{"line":33,"column":2}},"11":{"start":{"line":26,"column":19},"end":{"line":33,"column":2}},"12":{"start":{"line":27,"column":1},"end":{"line":32,"column":null}},"13":{"start":{"line":28,"column":15},"end":{"line":28,"column":48}},"14":{"start":{"line":29,"column":2},"end":{"line":29,"column":39}},"15":{"start":{"line":31,"column":2},"end":{"line":31,"column":12}},"16":{"start":{"line":35,"column":26},"end":{"line":35,"column":41}}},"fnMap":{"0":{"name":"(anonymous_7)","decl":{"start":{"line":3,"column":24},"end":{"line":3,"column":25}},"loc":{"start":{"line":3,"column":73},"end":{"line":5,"column":1}}},"1":{"name":"(anonymous_8)","decl":{"start":{"line":7,"column":24},"end":{"line":7,"column":null}},"loc":{"start":{"line":11,"column":21},"end":{"line":19,"column":2}}},"2":{"name":"(anonymous_9)","decl":{"start":{"line":11,"column":21},"end":{"line":11,"column":null}},"loc":{"start":{"line":11,"column":21},"end":{"line":19,"column":1}}},"3":{"name":"(anonymous_10)","decl":{"start":{"line":21,"column":24},"end":{"line":21,"column":null}},"loc":{"start":{"line":26,"column":19},"end":{"line":33,"column":2}}},"4":{"name":"(anonymous_11)","decl":{"start":{"line":26,"column":19},"end":{"line":26,"column":null}},"loc":{"start":{"line":26,"column":19},"end":{"line":33,"column":1}}}},"branchMap":{},"s":{"0":5,"1":117,"2":5,"3":48,"4":48,"5":48,"6":48,"7":48,"8":0,"9":5,"10":5,"11":69,"12":69,"13":69,"14":69,"15":0,"16":5},"f":{"0":117,"1":48,"2":48,"3":69,"4":69},"b":{}}
,"/home/jake/Documents/Code/Algotia/core/src/methods/backtest/utils/currentTime.ts": {"path":"/home/jake/Documents/Code/Algotia/core/src/methods/backtest/utils/currentTime.ts","statementMap":{"0":{"start":{"line":3,"column":24},"end":{"line":3,"column":38}},"1":{"start":{"line":5,"column":23},"end":{"line":12,"column":2}},"2":{"start":{"line":5,"column":70},"end":{"line":12,"column":2}},"3":{"start":{"line":6,"column":1},"end":{"line":11,"column":null}},"4":{"start":{"line":7,"column":18},"end":{"line":7,"column":58}},"5":{"start":{"line":8,"column":2},"end":{"line":8,"column":27}},"6":{"start":{"line":10,"column":2},"end":{"line":10,"column":12}},"7":{"start":{"line":25,"column":9},"end":{"line":25,"column":23}},"8":{"start":{"line":14,"column":23},"end":{"line":23,"column":2}},"9":{"start":{"line":17,"column":19},"end":{"line":23,"column":2}},"10":{"start":{"line":18,"column":1},"end":{"line":22,"column":null}},"11":{"start":{"line":19,"column":2},"end":{"line":19,"column":49}},"12":{"start":{"line":21,"column":2},"end":{"line":21,"column":12}},"13":{"start":{"line":25,"column":25},"end":{"line":25,"column":39}}},"fnMap":{"0":{"name":"(anonymous_7)","decl":{"start":{"line":5,"column":23},"end":{"line":5,"column":30}},"loc":{"start":{"line":5,"column":70},"end":{"line":12,"column":2}}},"1":{"name":"(anonymous_8)","decl":{"start":{"line":5,"column":70},"end":{"line":5,"column":null}},"loc":{"start":{"line":5,"column":70},"end":{"line":12,"column":1}}},"2":{"name":"(anonymous_9)","decl":{"start":{"line":14,"column":23},"end":{"line":14,"column":null}},"loc":{"start":{"line":17,"column":19},"end":{"line":23,"column":2}}},"3":{"name":"(anonymous_10)","decl":{"start":{"line":17,"column":19},"end":{"line":17,"column":null}},"loc":{"start":{"line":17,"column":19},"end":{"line":23,"column":1}}}},"branchMap":{},"s":{"0":5,"1":5,"2":118,"3":118,"4":118,"5":118,"6":0,"7":5,"8":5,"9":69,"10":69,"11":69,"12":0,"13":5},"f":{"0":118,"1":118,"2":69,"3":69},"b":{}}
,"/home/jake/Documents/Code/Algotia/core/src/methods/backtest/utils/getBaseAndQuotePath.ts": {"path":"/home/jake/Documents/Code/Algotia/core/src/methods/backtest/utils/getBaseAndQuotePath.ts","statementMap":{"0":{"start":{"line":1,"column":0},"end":{"line":1,"column":43}},"1":{"start":{"line":4,"column":28},"end":{"line":13,"column":1}},"2":{"start":{"line":8,"column":23},"end":{"line":8,"column":38}},"3":{"start":{"line":10,"column":18},"end":{"line":10,"column":49}},"4":{"start":{"line":11,"column":19},"end":{"line":11,"column":51}},"5":{"start":{"line":12,"column":1},"end":{"line":12,"column":30}},"6":{"start":{"line":15,"column":0},"end":{"line":15,"column":35}}},"fnMap":{"0":{"name":"(anonymous_0)","decl":{"start":{"line":4,"column":28},"end":{"line":4,"column":null}},"loc":{"start":{"line":7,"column":22},"end":{"line":13,"column":1}}}},"branchMap":{},"s":{"0":5,"1":5,"2":863,"3":863,"4":863,"5":863,"6":5},"f":{"0":863},"b":{}}
,"/home/jake/Documents/Code/Algotia/core/src/methods/backtest/utils/index.ts": {"path":"/home/jake/Documents/Code/Algotia/core/src/methods/backtest/utils/index.ts","statementMap":{"0":{"start":{"line":1,"column":0},"end":{"line":1,"column":30}},"1":{"start":{"line":2,"column":0},"end":{"line":2,"column":31}},"2":{"start":{"line":3,"column":0},"end":{"line":3,"column":25}},"3":{"start":{"line":5,"column":0},"end":{"line":5,"column":9}},"4":{"start":{"line":5,"column":9},"end":{"line":5,"column":39}}},"fnMap":{"0":{"name":"(anonymous_4)","decl":{"start":{"line":5,"column":9},"end":{"line":5,"column":16}},"loc":{"start":{"line":5,"column":9},"end":{"line":5,"column":39}}}},"branchMap":{},"s":{"0":5,"1":5,"2":5,"3":5,"4":868},"f":{"0":863},"b":{}}
,"/home/jake/Documents/Code/Algotia/core/src/methods/backtest/utils/orders.ts": {"path":"/home/jake/Documents/Code/Algotia/core/src/methods/backtest/utils/orders.ts","statementMap":{"0":{"start":{"line":3,"column":0},"end":{"line":3,"column":27}},"1":{"start":{"line":5,"column":26},"end":{"line":7,"column":1}},"2":{"start":{"line":6,"column":1},"end":{"line":6,"column":28}},"3":{"start":{"line":9,"column":28},"end":{"line":11,"column":1}},"4":{"start":{"line":10,"column":1},"end":{"line":10,"column":30}},"5":{"start":{"line":13,"column":24},"end":{"line":22,"column":2}},"6":{"start":{"line":16,"column":23},"end":{"line":22,"column":2}},"7":{"start":{"line":17,"column":1},"end":{"line":21,"column":null}},"8":{"start":{"line":18,"column":2},"end":{"line":18,"column":74}},"9":{"start":{"line":20,"column":2},"end":{"line":20,"column":12}},"10":{"start":{"line":84,"column":1},"end":{"line":84,"column":16}},"11":{"start":{"line":24,"column":26},"end":{"line":33,"column":2}},"12":{"start":{"line":27,"column":23},"end":{"line":33,"column":2}},"13":{"start":{"line":28,"column":1},"end":{"line":32,"column":null}},"14":{"start":{"line":29,"column":2},"end":{"line":29,"column":76}},"15":{"start":{"line":31,"column":2},"end":{"line":31,"column":12}},"16":{"start":{"line":85,"column":1},"end":{"line":85,"column":18}},"17":{"start":{"line":35,"column":24},"end":{"line":45,"column":2}},"18":{"start":{"line":39,"column":19},"end":{"line":45,"column":2}},"19":{"start":{"line":40,"column":1},"end":{"line":44,"column":null}},"20":{"start":{"line":41,"column":2},"end":{"line":41,"column":68}},"21":{"start":{"line":43,"column":2},"end":{"line":43,"column":12}},"22":{"start":{"line":86,"column":1},"end":{"line":86,"column":16}},"23":{"start":{"line":47,"column":26},"end":{"line":57,"column":2}},"24":{"start":{"line":51,"column":19},"end":{"line":57,"column":2}},"25":{"start":{"line":52,"column":1},"end":{"line":56,"column":null}},"26":{"start":{"line":53,"column":2},"end":{"line":53,"column":70}},"27":{"start":{"line":55,"column":2},"end":{"line":55,"column":12}},"28":{"start":{"line":88,"column":1},"end":{"line":88,"column":18}},"29":{"start":{"line":59,"column":26},"end":{"line":69,"column":2}},"30":{"start":{"line":63,"column":19},"end":{"line":69,"column":2}},"31":{"start":{"line":64,"column":1},"end":{"line":68,"column":null}},"32":{"start":{"line":65,"column":2},"end":{"line":65,"column":70}},"33":{"start":{"line":67,"column":2},"end":{"line":67,"column":12}},"34":{"start":{"line":87,"column":1},"end":{"line":87,"column":18}},"35":{"start":{"line":71,"column":21},"end":{"line":81,"column":2}},"36":{"start":{"line":74,"column":19},"end":{"line":81,"column":2}},"37":{"start":{"line":75,"column":1},"end":{"line":80,"column":null}},"38":{"start":{"line":76,"column":53},"end":{"line":76,"column":67}},"39":{"start":{"line":77,"column":2},"end":{"line":77,"column":49}},"40":{"start":{"line":79,"column":2},"end":{"line":79,"column":12}},"41":{"start":{"line":89,"column":1},"end":{"line":89,"column":13}}},"fnMap":{"0":{"name":"(anonymous_8)","decl":{"start":{"line":5,"column":26},"end":{"line":5,"column":27}},"loc":{"start":{"line":5,"column":49},"end":{"line":7,"column":1}}},"1":{"name":"(anonymous_9)","decl":{"start":{"line":9,"column":28},"end":{"line":9,"column":29}},"loc":{"start":{"line":9,"column":51},"end":{"line":11,"column":1}}},"2":{"name":"(anonymous_10)","decl":{"start":{"line":13,"column":24},"end":{"line":13,"column":null}},"loc":{"start":{"line":16,"column":23},"end":{"line":22,"column":2}}},"3":{"name":"(anonymous_11)","decl":{"start":{"line":16,"column":23},"end":{"line":16,"column":null}},"loc":{"start":{"line":16,"column":23},"end":{"line":22,"column":1}}},"4":{"name":"(anonymous_12)","decl":{"start":{"line":24,"column":26},"end":{"line":24,"column":null}},"loc":{"start":{"line":27,"column":23},"end":{"line":33,"column":2}}},"5":{"name":"(anonymous_13)","decl":{"start":{"line":27,"column":23},"end":{"line":27,"column":null}},"loc":{"start":{"line":27,"column":23},"end":{"line":33,"column":1}}},"6":{"name":"(anonymous_14)","decl":{"start":{"line":35,"column":24},"end":{"line":35,"column":null}},"loc":{"start":{"line":39,"column":19},"end":{"line":45,"column":2}}},"7":{"name":"(anonymous_15)","decl":{"start":{"line":39,"column":19},"end":{"line":39,"column":null}},"loc":{"start":{"line":39,"column":19},"end":{"line":45,"column":1}}},"8":{"name":"(anonymous_16)","decl":{"start":{"line":47,"column":26},"end":{"line":47,"column":null}},"loc":{"start":{"line":51,"column":19},"end":{"line":57,"column":2}}},"9":{"name":"(anonymous_17)","decl":{"start":{"line":51,"column":19},"end":{"line":51,"column":null}},"loc":{"start":{"line":51,"column":19},"end":{"line":57,"column":1}}},"10":{"name":"(anonymous_18)","decl":{"start":{"line":59,"column":26},"end":{"line":59,"column":null}},"loc":{"start":{"line":63,"column":19},"end":{"line":69,"column":2}}},"11":{"name":"(anonymous_19)","decl":{"start":{"line":63,"column":19},"end":{"line":63,"column":null}},"loc":{"start":{"line":63,"column":19},"end":{"line":69,"column":1}}},"12":{"name":"(anonymous_20)","decl":{"start":{"line":71,"column":21},"end":{"line":71,"column":null}},"loc":{"start":{"line":74,"column":19},"end":{"line":81,"column":2}}},"13":{"name":"(anonymous_21)","decl":{"start":{"line":74,"column":19},"end":{"line":74,"column":null}},"loc":{"start":{"line":74,"column":19},"end":{"line":81,"column":1}}}},"branchMap":{},"s":{"0":5,"1":5,"2":187,"3":5,"4":46,"5":5,"6":69,"7":69,"8":69,"9":0,"10":5,"11":5,"12":0,"13":0,"14":0,"15":0,"16":5,"17":5,"18":72,"19":72,"20":72,"21":0,"22":5,"23":5,"24":46,"25":46,"26":46,"27":0,"28":5,"29":5,"30":46,"31":46,"32":46,"33":0,"34":5,"35":5,"36":72,"37":72,"38":72,"39":72,"40":0,"41":5},"f":{"0":187,"1":46,"2":69,"3":69,"4":0,"5":0,"6":72,"7":72,"8":46,"9":46,"10":46,"11":46,"12":72,"13":72},"b":{}}
,"/home/jake/Documents/Code/Algotia/core/src/methods/boot/database.ts": {"path":"/home/jake/Documents/Code/Algotia/core/src/methods/boot/database.ts","statementMap":{"0":{"start":{"line":1,"column":0},"end":{"line":1,"column":42}},"1":{"start":{"line":2,"column":0},"end":{"line":2,"column":45}},"2":{"start":{"line":4,"column":22},"end":{"line":34,"column":2}},"3":{"start":{"line":8,"column":5},"end":{"line":34,"column":2}},"4":{"start":{"line":9,"column":1},"end":{"line":33,"column":null}},"5":{"start":{"line":10,"column":22},"end":{"line":16,"column":null}},"6":{"start":{"line":19,"column":16},"end":{"line":19,"column":33}},"7":{"start":{"line":21,"column":20},"end":{"line":21,"column":47}},"8":{"start":{"line":23,"column":17},"end":{"line":23,"column":26}},"9":{"start":{"line":24,"column":20},"end":{"line":24,"column":40}},"10":{"start":{"line":26,"column":2},"end":{"line":30,"column":4}},"11":{"start":{"line":32,"column":2},"end":{"line":32,"column":12}},"12":{"start":{"line":36,"column":0},"end":{"line":36,"column":29}}},"fnMap":{"0":{"name":"(anonymous_8)","decl":{"start":{"line":4,"column":22},"end":{"line":4,"column":null}},"loc":{"start":{"line":8,"column":5},"end":{"line":34,"column":2}}},"1":{"name":"(anonymous_9)","decl":{"start":{"line":8,"column":5},"end":{"line":8,"column":null}},"loc":{"start":{"line":8,"column":5},"end":{"line":34,"column":1}}}},"branchMap":{"0":{"loc":{"start":{"line":11,"column":3},"end":{"line":11,"column":24}},"type":"binary-expr","locations":[{"start":{"line":11,"column":3},"end":{"line":11,"column":24}},{"start":{"line":11,"column":28},"end":{"line":11,"column":55}}]}},"s":{"0":3,"1":3,"2":3,"3":3,"4":3,"5":3,"6":3,"7":3,"8":3,"9":3,"10":3,"11":0,"12":3},"f":{"0":3,"1":3},"b":{"0":[3,3]}}
,"/home/jake/Documents/Code/Algotia/core/src/methods/boot/exchanges.ts": {"path":"/home/jake/Documents/Code/Algotia/core/src/methods/boot/exchanges.ts","statementMap":{"0":{"start":{"line":1,"column":0},"end":{"line":1,"column":47}},"1":{"start":{"line":2,"column":0},"end":{"line":2,"column":77}},"2":{"start":{"line":4,"column":32},"end":{"line":6,"column":1}},"3":{"start":{"line":5,"column":1},"end":{"line":5,"column":33}},"4":{"start":{"line":8,"column":21},"end":{"line":34,"column":1}},"5":{"start":{"line":11,"column":1},"end":{"line":33,"column":null}},"6":{"start":{"line":12,"column":23},"end":{"line":12,"column":29}},"7":{"start":{"line":14,"column":2},"end":{"line":29,"column":null}},"8":{"start":{"line":15,"column":3},"end":{"line":28,"column":null}},"9":{"start":{"line":16,"column":27},"end":{"line":16,"column":39}},"10":{"start":{"line":17,"column":4},"end":{"line":27,"column":null}},"11":{"start":{"line":18,"column":5},"end":{"line":21,"column":7}},"12":{"start":{"line":23,"column":5},"end":{"line":26,"column":7}},"13":{"start":{"line":30,"column":2},"end":{"line":30,"column":19}},"14":{"start":{"line":32,"column":2},"end":{"line":32,"column":12}},"15":{"start":{"line":36,"column":0},"end":{"line":36,"column":28}}},"fnMap":{"0":{"name":"(anonymous_0)","decl":{"start":{"line":4,"column":32},"end":{"line":4,"column":33}},"loc":{"start":{"line":4,"column":61},"end":{"line":6,"column":1}}},"1":{"name":"(anonymous_1)","decl":{"start":{"line":8,"column":21},"end":{"line":8,"column":null}},"loc":{"start":{"line":10,"column":30},"end":{"line":34,"column":1}}}},"branchMap":{"0":{"loc":{"start":{"line":15,"column":3},"end":{"line":28,"column":null}},"type":"if","locations":[{"start":{"line":15,"column":3},"end":{"line":28,"column":null}},{"start":{"line":15,"column":3},"end":{"line":28,"column":null}}]},"1":{"loc":{"start":{"line":17,"column":4},"end":{"line":27,"column":null}},"type":"if","locations":[{"start":{"line":17,"column":4},"end":{"line":27,"column":null}},{"start":{"line":17,"column":4},"end":{"line":27,"column":null}}]}},"s":{"0":3,"1":3,"2":3,"3":6,"4":3,"5":3,"6":3,"7":3,"8":6,"9":6,"10":6,"11":6,"12":0,"13":3,"14":0,"15":3},"f":{"0":6,"1":3},"b":{"0":[6,0],"1":[6,0]}}
,"/home/jake/Documents/Code/Algotia/core/src/methods/boot/index.ts": {"path":"/home/jake/Documents/Code/Algotia/core/src/methods/boot/index.ts","statementMap":{"0":{"start":{"line":2,"column":0},"end":{"line":2,"column":39}},"1":{"start":{"line":3,"column":0},"end":{"line":3,"column":39}},"2":{"start":{"line":4,"column":0},"end":{"line":4,"column":40}},"3":{"start":{"line":5,"column":0},"end":{"line":5,"column":39}},"4":{"start":{"line":7,"column":13},"end":{"line":54,"column":2}},"5":{"start":{"line":9,"column":28},"end":{"line":54,"column":2}},"6":{"start":{"line":10,"column":1},"end":{"line":53,"column":null}},"7":{"start":{"line":11,"column":2},"end":{"line":13,"column":null}},"8":{"start":{"line":12,"column":3},"end":{"line":12,"column":41}},"9":{"start":{"line":15,"column":2},"end":{"line":15,"column":28}},"10":{"start":{"line":17,"column":2},"end":{"line":17,"column":25}},"11":{"start":{"line":19,"column":40},"end":{"line":19,"column":61}},"12":{"start":{"line":21,"column":20},"end":{"line":21,"column":40}},"13":{"start":{"line":23,"column":15},"end":{"line":28,"column":3}},"14":{"start":{"line":24,"column":3},"end":{"line":26,"column":null}},"15":{"start":{"line":25,"column":4},"end":{"line":25,"column":24}},"16":{"start":{"line":27,"column":3},"end":{"line":27,"column":16}},"17":{"start":{"line":30,"column":2},"end":{"line":42,"column":4}},"18":{"start":{"line":44,"column":2},"end":{"line":50,"column":4}},"19":{"start":{"line":52,"column":2},"end":{"line":52,"column":12}},"20":{"start":{"line":56,"column":0},"end":{"line":56,"column":20}}},"fnMap":{"0":{"name":"(anonymous_8)","decl":{"start":{"line":7,"column":13},"end":{"line":7,"column":null}},"loc":{"start":{"line":9,"column":28},"end":{"line":54,"column":2}}},"1":{"name":"(anonymous_9)","decl":{"start":{"line":9,"column":28},"end":{"line":9,"column":null}},"loc":{"start":{"line":9,"column":28},"end":{"line":54,"column":1}}},"2":{"name":"(anonymous_10)","decl":{"start":{"line":23,"column":15},"end":{"line":23,"column":18}},"loc":{"start":{"line":23,"column":20},"end":{"line":28,"column":3}}}},"branchMap":{"0":{"loc":{"start":{"line":11,"column":2},"end":{"line":13,"column":null}},"type":"if","locations":[{"start":{"line":11,"column":2},"end":{"line":13,"column":null}},{"start":{"line":11,"column":2},"end":{"line":13,"column":null}}]},"1":{"loc":{"start":{"line":24,"column":3},"end":{"line":26,"column":null}},"type":"if","locations":[{"start":{"line":24,"column":3},"end":{"line":26,"column":null}},{"start":{"line":24,"column":3},"end":{"line":26,"column":null}}]}},"s":{"0":3,"1":3,"2":3,"3":3,"4":3,"5":5,"6":5,"7":5,"8":0,"9":5,"10":5,"11":3,"12":3,"13":3,"14":3,"15":3,"16":3,"17":3,"18":3,"19":2,"20":3},"f":{"0":5,"1":5,"2":3},"b":{"0":[0,5],"1":[3,0]}}
,"/home/jake/Documents/Code/Algotia/core/src/methods/boot/validate.ts": {"path":"/home/jake/Documents/Code/Algotia/core/src/methods/boot/validate.ts","statementMap":{"0":{"start":{"line":1,"column":0},"end":{"line":1,"column":24}},"1":{"start":{"line":2,"column":0},"end":{"line":2,"column":51}},"2":{"start":{"line":3,"column":0},"end":{"line":3,"column":37}},"3":{"start":{"line":7,"column":2},"end":{"line":7,"column":17}},"4":{"start":{"line":11,"column":23},"end":{"line":79,"column":1}},"5":{"start":{"line":12,"column":1},"end":{"line":78,"column":null}},"6":{"start":{"line":13,"column":23},"end":{"line":13,"column":29}},"7":{"start":{"line":16,"column":2},"end":{"line":52,"column":null}},"8":{"start":{"line":17,"column":3},"end":{"line":51,"column":null}},"9":{"start":{"line":18,"column":4},"end":{"line":20,"column":null}},"10":{"start":{"line":19,"column":5},"end":{"line":19,"column":73}},"11":{"start":{"line":21,"column":4},"end":{"line":21,"column":76}},"12":{"start":{"line":23,"column":27},"end":{"line":23,"column":39}},"13":{"start":{"line":24,"column":4},"end":{"line":50,"column":null}},"14":{"start":{"line":26,"column":41},"end":{"line":26,"column":55}},"15":{"start":{"line":27,"column":5},"end":{"line":31,"column":null}},"16":{"start":{"line":28,"column":6},"end":{"line":30,"column":8}},"17":{"start":{"line":32,"column":5},"end":{"line":40,"column":null}},"18":{"start":{"line":33,"column":6},"end":{"line":35,"column":null}},"19":{"start":{"line":34,"column":7},"end":{"line":34,"column":67}},"20":{"start":{"line":37,"column":6},"end":{"line":39,"column":null}},"21":{"start":{"line":38,"column":7},"end":{"line":38,"column":61}},"22":{"start":{"line":41,"column":5},"end":{"line":49,"column":null}},"23":{"start":{"line":42,"column":6},"end":{"line":44,"column":null}},"24":{"start":{"line":43,"column":7},"end":{"line":43,"column":67}},"25":{"start":{"line":46,"column":6},"end":{"line":48,"column":null}},"26":{"start":{"line":47,"column":7},"end":{"line":47,"column":61}},"27":{"start":{"line":53,"column":2},"end":{"line":55,"column":5}},"28":{"start":{"line":54,"column":3},"end":{"line":54,"column":55}},"29":{"start":{"line":54,"column":12},"end":{"line":54,"column":55}},"30":{"start":{"line":57,"column":2},"end":{"line":60,"column":5}},"31":{"start":{"line":58,"column":16},"end":{"line":58,"column":21}},"32":{"start":{"line":59,"column":3},"end":{"line":59,"column":70}},"33":{"start":{"line":59,"column":12},"end":{"line":59,"column":70}},"34":{"start":{"line":62,"column":2},"end":{"line":66,"column":5}},"35":{"start":{"line":63,"column":3},"end":{"line":65,"column":null}},"36":{"start":{"line":64,"column":4},"end":{"line":64,"column":53}},"37":{"start":{"line":68,"column":2},"end":{"line":73,"column":5}},"38":{"start":{"line":69,"column":3},"end":{"line":72,"column":null}},"39":{"start":{"line":70,"column":17},"end":{"line":70,"column":21}},"40":{"start":{"line":71,"column":4},"end":{"line":71,"column":63}},"41":{"start":{"line":75,"column":2},"end":{"line":75,"column":16}},"42":{"start":{"line":77,"column":2},"end":{"line":77,"column":12}},"43":{"start":{"line":81,"column":0},"end":{"line":81,"column":30}}},"fnMap":{"0":{"name":"(anonymous_1)","decl":{"start":{"line":6,"column":1},"end":{"line":6,"column":13}},"loc":{"start":{"line":6,"column":28},"end":{"line":8,"column":2}}},"1":{"name":"(anonymous_2)","decl":{"start":{"line":11,"column":23},"end":{"line":11,"column":24}},"loc":{"start":{"line":11,"column":50},"end":{"line":79,"column":1}}},"2":{"name":"(anonymous_3)","decl":{"start":{"line":53,"column":28},"end":{"line":53,"column":29}},"loc":{"start":{"line":53,"column":36},"end":{"line":55,"column":3}}},"3":{"name":"(anonymous_4)","decl":{"start":{"line":57,"column":35},"end":{"line":57,"column":36}},"loc":{"start":{"line":57,"column":43},"end":{"line":60,"column":3}}},"4":{"name":"(anonymous_5)","decl":{"start":{"line":62,"column":34},"end":{"line":62,"column":35}},"loc":{"start":{"line":62,"column":42},"end":{"line":66,"column":3}}},"5":{"name":"(anonymous_6)","decl":{"start":{"line":68,"column":25},"end":{"line":68,"column":26}},"loc":{"start":{"line":68,"column":33},"end":{"line":73,"column":3}}}},"branchMap":{"0":{"loc":{"start":{"line":17,"column":3},"end":{"line":51,"column":null}},"type":"if","locations":[{"start":{"line":17,"column":3},"end":{"line":51,"column":null}},{"start":{"line":17,"column":3},"end":{"line":51,"column":null}}]},"1":{"loc":{"start":{"line":18,"column":4},"end":{"line":20,"column":null}},"type":"if","locations":[{"start":{"line":18,"column":4},"end":{"line":20,"column":null}},{"start":{"line":18,"column":4},"end":{"line":20,"column":null}}]},"2":{"loc":{"start":{"line":24,"column":4},"end":{"line":50,"column":null}},"type":"if","locations":[{"start":{"line":24,"column":4},"end":{"line":50,"column":null}},{"start":{"line":24,"column":4},"end":{"line":50,"column":null}}]},"3":{"loc":{"start":{"line":27,"column":5},"end":{"line":31,"column":null}},"type":"if","locations":[{"start":{"line":27,"column":5},"end":{"line":31,"column":null}},{"start":{"line":27,"column":5},"end":{"line":31,"column":null}}]},"4":{"loc":{"start":{"line":32,"column":5},"end":{"line":40,"column":null}},"type":"if","locations":[{"start":{"line":32,"column":5},"end":{"line":40,"column":null}},{"start":{"line":32,"column":5},"end":{"line":40,"column":null}}]},"5":{"loc":{"start":{"line":33,"column":6},"end":{"line":35,"column":null}},"type":"if","locations":[{"start":{"line":33,"column":6},"end":{"line":35,"column":null}},{"start":{"line":33,"column":6},"end":{"line":35,"column":null}}]},"6":{"loc":{"start":{"line":37,"column":6},"end":{"line":39,"column":null}},"type":"if","locations":[{"start":{"line":37,"column":6},"end":{"line":39,"column":null}},{"start":{"line":37,"column":6},"end":{"line":39,"column":null}}]},"7":{"loc":{"start":{"line":41,"column":5},"end":{"line":49,"column":null}},"type":"if","locations":[{"start":{"line":41,"column":5},"end":{"line":49,"column":null}},{"start":{"line":41,"column":5},"end":{"line":49,"column":null}}]},"8":{"loc":{"start":{"line":42,"column":6},"end":{"line":44,"column":null}},"type":"if","locations":[{"start":{"line":42,"column":6},"end":{"line":44,"column":null}},{"start":{"line":42,"column":6},"end":{"line":44,"column":null}}]},"9":{"loc":{"start":{"line":46,"column":6},"end":{"line":48,"column":null}},"type":"if","locations":[{"start":{"line":46,"column":6},"end":{"line":48,"column":null}},{"start":{"line":46,"column":6},"end":{"line":48,"column":null}}]},"10":{"loc":{"start":{"line":54,"column":3},"end":{"line":54,"column":55}},"type":"if","locations":[{"start":{"line":54,"column":3},"end":{"line":54,"column":55}},{"start":{"line":54,"column":3},"end":{"line":54,"column":55}}]},"11":{"loc":{"start":{"line":59,"column":3},"end":{"line":59,"column":70}},"type":"if","locations":[{"start":{"line":59,"column":3},"end":{"line":59,"column":70}},{"start":{"line":59,"column":3},"end":{"line":59,"column":70}}]},"12":{"loc":{"start":{"line":63,"column":3},"end":{"line":65,"column":null}},"type":"if","locations":[{"start":{"line":63,"column":3},"end":{"line":65,"column":null}},{"start":{"line":63,"column":3},"end":{"line":65,"column":null}}]},"13":{"loc":{"start":{"line":69,"column":3},"end":{"line":72,"column":null}},"type":"if","locations":[{"start":{"line":69,"column":3},"end":{"line":72,"column":null}},{"start":{"line":69,"column":3},"end":{"line":72,"column":null}}]}},"s":{"0":3,"1":3,"2":3,"3":2,"4":3,"5":5,"6":5,"7":5,"8":8,"9":1,"10":1,"11":0,"12":7,"13":7,"14":1,"15":1,"16":0,"17":1,"18":1,"19":1,"20":0,"21":0,"22":0,"23":0,"24":0,"25":0,"26":0,"27":3,"28":3,"29":0,"30":3,"31":2,"32":2,"33":0,"34":3,"35":3,"36":0,"37":3,"38":3,"39":0,"40":0,"41":3,"42":2,"43":3},"f":{"0":2,"1":5,"2":3,"3":2,"4":3,"5":3},"b":{"0":[1,7],"1":[1,0],"2":[6,1],"3":[0,1],"4":[1,0],"5":[1,0],"6":[0,0],"7":[0,0],"8":[0,0],"9":[0,0],"10":[0,3],"11":[0,2],"12":[0,3],"13":[0,3]}}
,"/home/jake/Documents/Code/Algotia/core/src/types/index.ts": {"path":"/home/jake/Documents/Code/Algotia/core/src/types/index.ts","statementMap":{"0":{"start":{"line":1,"column":0},"end":{"line":1,"column":25}},"1":{"start":{"line":2,"column":0},"end":{"line":2,"column":25}},"2":{"start":{"line":3,"column":0},"end":{"line":3,"column":26}},"3":{"start":{"line":4,"column":0},"end":{"line":4,"column":25}}},"fnMap":{},"branchMap":{},"s":{"0":5,"1":5,"2":5,"3":5},"f":{},"b":{}}
,"/home/jake/Documents/Code/Algotia/core/src/types/errors/algotia.ts": {"path":"/home/jake/Documents/Code/Algotia/core/src/types/errors/algotia.ts","statementMap":{"0":{"start":{"line":2,"column":0},"end":{"line":2,"column":13}}},"fnMap":{},"branchMap":{},"s":{"0":5},"f":{},"b":{}}
,"/home/jake/Documents/Code/Algotia/core/src/types/errors/ccxt.ts": {"path":"/home/jake/Documents/Code/Algotia/core/src/types/errors/ccxt.ts","statementMap":{"0":{"start":{"line":4,"column":2},"end":{"line":4,"column":17}},"1":{"start":{"line":5,"column":2},"end":{"line":5,"column":31}},"2":{"start":{"line":1,"column":0},"end":{"line":1,"column":13}},"3":{"start":{"line":9,"column":0},"end":{"line":9,"column":13}}},"fnMap":{"0":{"name":"(anonymous_0)","decl":{"start":{"line":3,"column":1},"end":{"line":3,"column":13}},"loc":{"start":{"line":3,"column":48},"end":{"line":6,"column":2}}}},"branchMap":{},"s":{"0":0,"1":0,"2":5,"3":5},"f":{"0":0},"b":{}}
,"/home/jake/Documents/Code/Algotia/core/src/types/errors/index.ts": {"path":"/home/jake/Documents/Code/Algotia/core/src/types/errors/index.ts","statementMap":{"0":{"start":{"line":1,"column":0},"end":{"line":1,"column":23}},"1":{"start":{"line":2,"column":0},"end":{"line":2,"column":25}}},"fnMap":{},"branchMap":{},"s":{"0":5,"1":5},"f":{},"b":{}}
,"/home/jake/Documents/Code/Algotia/core/src/types/gaurds/index.ts": {"path":"/home/jake/Documents/Code/Algotia/core/src/types/gaurds/index.ts","statementMap":{"0":{"start":{"line":1,"column":0},"end":{"line":1,"column":9}},"1":{"start":{"line":1,"column":9},"end":{"line":1,"column":32}},"2":{"start":{"line":2,"column":0},"end":{"line":2,"column":9}},"3":{"start":{"line":2,"column":9},"end":{"line":2,"column":36}},"4":{"start":{"line":4,"column":0},"end":{"line":4,"column":39}},"5":{"start":{"line":5,"column":0},"end":{"line":5,"column":36}},"6":{"start":{"line":6,"column":0},"end":{"line":6,"column":32}}},"fnMap":{"0":{"name":"(anonymous_4)","decl":{"start":{"line":1,"column":9},"end":{"line":1,"column":16}},"loc":{"start":{"line":1,"column":9},"end":{"line":1,"column":32}}},"1":{"name":"(anonymous_5)","decl":{"start":{"line":2,"column":9},"end":{"line":2,"column":16}},"loc":{"start":{"line":2,"column":9},"end":{"line":2,"column":36}}}},"branchMap":{},"s":{"0":5,"1":34,"2":5,"3":10,"4":5,"5":5,"6":5},"f":{"0":29,"1":5},"b":{}}
[...]
,"/home/jake/Documents/Code/Algotia/core/src/utils/exchangeFactory/simulated/fetchBalance.ts": {"path":"/home/jake/Documents/Code/Algotia/core/src/utils/exchangeFactory/simulated/fetchBalance.ts","statementMap":{"0":{"start":{"line":1,"column":0},"end":{"line":1,"column":62}},"1":{"start":{"line":4,"column":0},"end":{"line":4,"column":70}},"2":{"start":{"line":12,"column":41},"end":{"line":36,"column":1}},"3":{"start":{"line":13,"column":1},"end":{"line":35,"column":3}},"4":{"start":{"line":14,"column":20},"end":{"line":14,"column":44}},"5":{"start":{"line":18,"column":16},"end":{"line":18,"column":63}},"6":{"start":{"line":20,"column":2},"end":{"line":30,"column":null}},"7":{"start":{"line":20,"column":15},"end":{"line":20,"column":16}},"8":{"start":{"line":21,"column":26},"end":{"line":21,"column":38}},"9":{"start":{"line":22,"column":16},"end":{"line":22,"column":24}},"10":{"start":{"line":23,"column":36},"end":{"line":23,"column":69}},"11":{"start":{"line":24,"column":33},"end":{"line":25,"column":null}},"12":{"start":{"line":27,"column":3},"end":{"line":29,"column":6}},"13":{"start":{"line":32,"column":2},"end":{"line":32,"column":32}},"14":{"start":{"line":34,"column":2},"end":{"line":34,"column":17}},"15":{"start":{"line":38,"column":0},"end":{"line":38,"column":34}}},"fnMap":{"0":{"name":"(anonymous_7)","decl":{"start":{"line":12,"column":41},"end":{"line":12,"column":42}},"loc":{"start":{"line":12,"column":72},"end":{"line":36,"column":1}}},"1":{"name":"fetchBalance","decl":{"start":{"line":13,"column":23},"end":{"line":13,"column":35}},"loc":{"start":{"line":13,"column":51},"end":{"line":35,"column":3}}}},"branchMap":{},"s":{"0":5,"1":5,"2":5,"3":75,"4":469,"5":469,"6":469,"7":469,"8":938,"9":938,"10":938,"11":938,"12":938,"13":469,"14":469,"15":5},"f":{"0":75,"1":469},"b":{}}
,"/home/jake/Documents/Code/Algotia/core/src/utils/exchangeFactory/simulated/index.ts": {"path":"/home/jake/Documents/Code/Algotia/core/src/utils/exchangeFactory/simulated/index.ts","statementMap":{"0":{"start":{"line":7,"column":0},"end":{"line":7,"column":48}},"1":{"start":{"line":8,"column":0},"end":{"line":8,"column":46}},"2":{"start":{"line":9,"column":0},"end":{"line":9,"column":46}},"3":{"start":{"line":16,"column":50},"end":{"line":57,"column":3}},"4":{"start":{"line":59,"column":1},"end":{"line":59,"column":28}},"5":{"start":{"line":62,"column":0},"end":{"line":62,"column":40}}},"fnMap":{"0":{"name":"simulatedExchangeFactory","decl":{"start":{"line":11,"column":9},"end":{"line":11,"column":33}},"loc":{"start":{"line":14,"column":19},"end":{"line":60,"column":1}}}},"branchMap":{},"s":{"0":5,"1":5,"2":5,"3":3,"4":3,"5":5},"f":{"0":3},"b":{}}
,"/home/jake/Documents/Code/Algotia/core/src/utils/general/debugLog.ts": {"path":"/home/jake/Documents/Code/Algotia/core/src/utils/general/debugLog.ts","statementMap":{"0":{"start":{"line":1,"column":0},"end":{"line":1,"column":37}},"1":{"start":{"line":2,"column":0},"end":{"line":2,"column":31}},"2":{"start":{"line":17,"column":17},"end":{"line":38,"column":1}},"3":{"start":{"line":23,"column":1},"end":{"line":37,"column":null}},"4":{"start":{"line":25,"column":2},"end":{"line":35,"column":null}},"5":{"start":{"line":26,"column":17},"end":{"line":26,"column":52}},"6":{"start":{"line":28,"column":3},"end":{"line":32,"column":73}},"7":{"start":{"line":34,"column":3},"end":{"line":34,"column":30}},"8":{"start":{"line":36,"column":2},"end":{"line":36,"column":67}},"9":{"start":{"line":40,"column":0},"end":{"line":40,"column":24}}},"fnMap":{"0":{"name":"(anonymous_1)","decl":{"start":{"line":17,"column":17},"end":{"line":17,"column":null}},"loc":{"start":{"line":22,"column":10},"end":{"line":38,"column":1}}}},"branchMap":{"0":{"loc":{"start":{"line":23,"column":1},"end":{"line":37,"column":null}},"type":"if","locations":[{"start":{"line":23,"column":1},"end":{"line":37,"column":null}},{"start":{"line":23,"column":1},"end":{"line":37,"column":null}}]},"1":{"loc":{"start":{"line":25,"column":2},"end":{"line":35,"column":null}},"type":"if","locations":[{"start":{"line":25,"column":2},"end":{"line":35,"column":null}},{"start":{"line":25,"column":2},"end":{"line":35,"column":null}}]},"2":{"loc":{"start":{"line":26,"column":38},"end":{"line":26,"column":48}},"type":"cond-expr","locations":[{"start":{"line":26,"column":38},"end":{"line":26,"column":48}},{"start":{"line":26,"column":51},"end":{"line":26,"column":52}}]},"3":{"loc":{"start":{"line":26,"column":17},"end":{"line":26,"column":21}},"type":"binary-expr","locations":[{"start":{"line":26,"column":17},"end":{"line":26,"column":21}},{"start":{"line":26,"column":25},"end":{"line":26,"column":35}}]},"4":{"loc":{"start":{"line":36,"column":26},"end":{"line":36,"column":31}},"type":"binary-expr","locations":[{"start":{"line":36,"column":26},"end":{"line":36,"column":31}},{"start":{"line":36,"column":35},"end":{"line":36,"column":41}}]}},"s":{"0":5,"1":5,"2":5,"3":81,"4":0,"5":0,"6":0,"7":0,"8":0,"9":5},"f":{"0":81},"b":{"0":[0,81],"1":[0,0],"2":[0,0],"3":[0,0],"4":[0,0]}}
,"/home/jake/Documents/Code/Algotia/core/src/utils/general/getDefaultExchange.ts": {"path":"/home/jake/Documents/Code/Algotia/core/src/utils/general/getDefaultExchange.ts","statementMap":{"0":{"start":{"line":1,"column":0},"end":{"line":1,"column":66}},"1":{"start":{"line":3,"column":27},"end":{"line":9,"column":1}},"2":{"start":{"line":4,"column":31},"end":{"line":4,"column":38}},"3":{"start":{"line":5,"column":13},"end":{"line":5,"column":44}},"4":{"start":{"line":6,"column":1},"end":{"line":8,"column":null}},"5":{"start":{"line":7,"column":2},"end":{"line":7,"column":24}},"6":{"start":{"line":11,"column":0},"end":{"line":11,"column":34}}},"fnMap":{"0":{"name":"(anonymous_0)","decl":{"start":{"line":3,"column":27},"end":{"line":3,"column":28}},"loc":{"start":{"line":3,"column":61},"end":{"line":9,"column":1}}}},"branchMap":{"0":{"loc":{"start":{"line":6,"column":1},"end":{"line":8,"column":null}},"type":"if","locations":[{"start":{"line":6,"column":1},"end":{"line":8,"column":null}},{"start":{"line":6,"column":1},"end":{"line":8,"column":null}}]}},"s":{"0":5,"1":5,"2":6,"3":6,"4":6,"5":6,"6":5},"f":{"0":6},"b":{"0":[6,0]}}
,"/home/jake/Documents/Code/Algotia/core/src/utils/general/index.ts": {"path":"/home/jake/Documents/Code/Algotia/core/src/utils/general/index.ts","statementMap":{"0":{"start":{"line":1,"column":0},"end":{"line":1,"column":9}},"1":{"start":{"line":1,"column":9},"end":{"line":1,"column":38}},"2":{"start":{"line":2,"column":0},"end":{"line":2,"column":9}},"3":{"start":{"line":2,"column":9},"end":{"line":2,"column":32}},"4":{"start":{"line":3,"column":0},"end":{"line":3,"column":9}},"5":{"start":{"line":3,"column":9},"end":{"line":3,"column":26}},"6":{"start":{"line":4,"column":0},"end":{"line":4,"column":9}},"7":{"start":{"line":4,"column":9},"end":{"line":4,"column":28}},"8":{"start":{"line":5,"column":0},"end":{"line":5,"column":9}},"9":{"start":{"line":5,"column":9},"end":{"line":5,"column":29}},"10":{"start":{"line":6,"column":0},"end":{"line":6,"column":8}},"11":{"start":{"line":6,"column":8},"end":{"line":6,"column":23}}},"fnMap":{"0":{"name":"(anonymous_0)","decl":{"start":{"line":1,"column":9},"end":{"line":1,"column":16}},"loc":{"start":{"line":1,"column":9},"end":{"line":1,"column":38}}},"1":{"name":"(anonymous_1)","decl":{"start":{"line":2,"column":9},"end":{"line":2,"column":16}},"loc":{"start":{"line":2,"column":9},"end":{"line":2,"column":32}}},"2":{"name":"(anonymous_2)","decl":{"start":{"line":3,"column":9},"end":{"line":3,"column":16}},"loc":{"start":{"line":3,"column":9},"end":{"line":3,"column":26}}},"3":{"name":"(anonymous_3)","decl":{"start":{"line":4,"column":9},"end":{"line":4,"column":16}},"loc":{"start":{"line":4,"column":9},"end":{"line":4,"column":28}}},"4":{"name":"(anonymous_4)","decl":{"start":{"line":5,"column":9},"end":{"line":5,"column":16}},"loc":{"start":{"line":5,"column":9},"end":{"line":5,"column":29}}},"5":{"name":"(anonymous_5)","decl":{"start":{"line":6,"column":8},"end":{"line":6,"column":15}},"loc":{"start":{"line":6,"column":8},"end":{"line":6,"column":23}}}},"branchMap":{},"s":{"0":5,"1":11,"2":5,"3":5,"4":5,"5":5,"6":5,"7":86,"8":5,"9":1731,"10":5,"11":77},"f":{"0":6,"1":0,"2":0,"3":81,"4":1726,"5":72},"b":{}}
,"/home/jake/Documents/Code/Algotia/core/src/utils/general/log.ts": {"path":"/home/jake/Documents/Code/Algotia/core/src/utils/general/log.ts","statementMap":{"0":{"start":{"line":1,"column":0},"end":{"line":1,"column":54}},"1":{"start":{"line":4,"column":24},"end":{"line":12,"column":2}},"2":{"start":{"line":14,"column":23},"end":{"line":18,"column":2}},"3":{"start":{"line":20,"column":12},"end":{"line":23,"column":2}},"4":{"start":{"line":25,"column":0},"end":{"line":25,"column":19}}},"fnMap":{},"branchMap":{},"s":{"0":0,"1":0,"2":0,"3":0,"4":0},"f":{},"b":{}}
,"/home/jake/Documents/Code/Algotia/core/src/utils/general/logger.ts": {"path":"/home/jake/Documents/Code/Algotia/core/src/utils/general/logger.ts","statementMap":{"0":{"start":{"line":1,"column":0},"end":{"line":1,"column":54}},"1":{"start":{"line":2,"column":0},"end":{"line":2,"column":26}},"2":{"start":{"line":14,"column":23},"end":{"line":18,"column":2}},"3":{"start":{"line":20,"column":20},"end":{"line":33,"column":2}},"4":{"start":{"line":35,"column":20},"end":{"line":49,"column":2}},"5":{"start":{"line":43,"column":23},"end":{"line":43,"column":42}},"6":{"start":{"line":44,"column":30},"end":{"line":44,"column":70}},"7":{"start":{"line":45,"column":3},"end":{"line":45,"column":72}},"8":{"start":{"line":50,"column":0},"end":{"line":50,"column":38}},"9":{"start":{"line":52,"column":15},"end":{"line":55,"column":2}},"10":{"start":{"line":57,"column":0},"end":{"line":57,"column":22}}},"fnMap":{"0":{"name":"(anonymous_7)","decl":{"start":{"line":42,"column":16},"end":{"line":42,"column":17}},"loc":{"start":{"line":42,"column":57},"end":{"line":46,"column":3}}}},"branchMap":{},"s":{"0":5,"1":5,"2":5,"3":5,"4":5,"5":0,"6":0,"7":0,"8":5,"9":5,"10":5},"f":{"0":0},"b":{}}
,"/home/jake/Documents/Code/Algotia/core/src/utils/general/parsePair.ts": {"path":"/home/jake/Documents/Code/Algotia/core/src/utils/general/parsePair.ts","statementMap":{"0":{"start":{"line":1,"column":18},"end":{"line":4,"column":1}},"1":{"start":{"line":2,"column":23},"end":{"line":2,"column":38}},"2":{"start":{"line":3,"column":1},"end":{"line":3,"column":22}},"3":{"start":{"line":6,"column":0},"end":{"line":6,"column":25}}},"fnMap":{"0":{"name":"(anonymous_0)","decl":{"start":{"line":1,"column":18},"end":{"line":1,"column":19}},"loc":{"start":{"line":1,"column":53},"end":{"line":4,"column":1}}}},"branchMap":{},"s":{"0":5,"1":1726,"2":1726,"3":5},"f":{"0":1726},"b":{}}
,"/home/jake/Documents/Code/Algotia/core/src/utils/general/reshapeOHLCV.ts": {"path":"/home/jake/Documents/Code/Algotia/core/src/utils/general/reshapeOHLCV.ts","statementMap":{"0":{"start":{"line":4,"column":21},"end":{"line":32,"column":1}},"1":{"start":{"line":5,"column":24},"end":{"line":5,"column":26}},"2":{"start":{"line":7,"column":1},"end":{"line":30,"column":null}},"3":{"start":{"line":7,"column":14},"end":{"line":7,"column":15}},"4":{"start":{"line":8,"column":17},"end":{"line":8,"column":25}},"5":{"start":{"line":9,"column":2},"end":{"line":21,"column":null}},"6":{"start":{"line":10,"column":3},"end":{"line":20,"column":null}},"7":{"start":{"line":11,"column":4},"end":{"line":18,"column":6}},"8":{"start":{"line":19,"column":4},"end":{"line":19,"column":13}},"9":{"start":{"line":22,"column":2},"end":{"line":29,"column":4}},"10":{"start":{"line":31,"column":1},"end":{"line":31,"column":16}},"11":{"start":{"line":34,"column":0},"end":{"line":34,"column":28}}},"fnMap":{"0":{"name":"(anonymous_0)","decl":{"start":{"line":4,"column":21},"end":{"line":4,"column":22}},"loc":{"start":{"line":4,"column":71},"end":{"line":32,"column":1}}}},"branchMap":{"0":{"loc":{"start":{"line":9,"column":2},"end":{"line":21,"column":null}},"type":"if","locations":[{"start":{"line":9,"column":2},"end":{"line":21,"column":null}},{"start":{"line":9,"column":2},"end":{"line":21,"column":null}}]},"1":{"loc":{"start":{"line":10,"column":3},"end":{"line":20,"column":null}},"type":"if","locations":[{"start":{"line":10,"column":3},"end":{"line":20,"column":null}},{"start":{"line":10,"column":3},"end":{"line":20,"column":null}}]}},"s":{"0":5,"1":0,"2":0,"3":0,"4":0,"5":0,"6":0,"7":0,"8":0,"9":0,"10":0,"11":5},"f":{"0":0},"b":{"0":[0,0],"1":[0,0]}}
,"/home/jake/Documents/Code/Algotia/core/src/utils/general/uuid.ts": {"path":"/home/jake/Documents/Code/Algotia/core/src/utils/general/uuid.ts","statementMap":{"0":{"start":{"line":2,"column":2},"end":{"line":5,"column":5}},"1":{"start":{"line":3,"column":12},"end":{"line":3,"column":34}},"2":{"start":{"line":3,"column":40},"end":{"line":3,"column":70}},"3":{"start":{"line":4,"column":4},"end":{"line":4,"column":26}},"4":{"start":{"line":8,"column":0},"end":{"line":8,"column":null}}},"fnMap":{"0":{"name":"uuid","decl":{"start":{"line":1,"column":9},"end":{"line":1,"column":13}},"loc":{"start":{"line":1,"column":13},"end":{"line":6,"column":1}}},"1":{"name":"(anonymous_1)","decl":{"start":{"line":2,"column":65},"end":{"line":2,"column":74}},"loc":{"start":{"line":2,"column":75},"end":{"line":5,"column":3}}}},"branchMap":{"0":{"loc":{"start":{"line":3,"column":51},"end":{"line":3,"column":52}},"type":"cond-expr","locations":[{"start":{"line":3,"column":51},"end":{"line":3,"column":52}},{"start":{"line":3,"column":56},"end":{"line":3,"column":69}}]}},"s":{"0":72,"1":2232,"2":2232,"3":2232,"4":5},"f":{"0":72,"1":2232},"b":{"0":[2160,72]}}
,"/home/jake/Documents/Code/Algotia/core/src/utils/time/index.ts": {"path":"/home/jake/Documents/Code/Algotia/core/src/utils/time/index.ts","statementMap":{"0":{"start":{"line":1,"column":0},"end":{"line":1,"column":9}},"1":{"start":{"line":1,"column":9},"end":{"line":1,"column":34}},"2":{"start":{"line":2,"column":0},"end":{"line":2,"column":9}},"3":{"start":{"line":2,"column":9},"end":{"line":2,"column":29}}},"fnMap":{"0":{"name":"(anonymous_0)","decl":{"start":{"line":1,"column":9},"end":{"line":1,"column":16}},"loc":{"start":{"line":1,"column":9},"end":{"line":1,"column":34}}},"1":{"name":"(anonymous_1)","decl":{"start":{"line":2,"column":9},"end":{"line":2,"column":16}},"loc":{"start":{"line":2,"column":9},"end":{"line":2,"column":29}}}},"branchMap":{},"s":{"0":5,"1":18,"2":5,"3":25},"f":{"0":13,"1":20},"b":{}}
,"/home/jake/Documents/Code/Algotia/core/src/utils/time/parseDate.ts": {"path":"/home/jake/Documents/Code/Algotia/core/src/utils/time/parseDate.ts","statementMap":{"0":{"start":{"line":1,"column":18},"end":{"line":13,"column":1}},"1":{"start":{"line":2,"column":1},"end":{"line":12,"column":null}},"2":{"start":{"line":3,"column":2},"end":{"line":3,"column":25}},"3":{"start":{"line":5,"column":17},"end":{"line":5,"column":32}},"4":{"start":{"line":6,"column":2},"end":{"line":11,"column":null}},"5":{"start":{"line":7,"column":3},"end":{"line":7,"column":27}},"6":{"start":{"line":10,"column":3},"end":{"line":10,"column":58}},"7":{"start":{"line":15,"column":0},"end":{"line":15,"column":25}}},"fnMap":{"0":{"name":"(anonymous_0)","decl":{"start":{"line":1,"column":18},"end":{"line":1,"column":19}},"loc":{"start":{"line":1,"column":60},"end":{"line":13,"column":1}}}},"branchMap":{"0":{"loc":{"start":{"line":2,"column":1},"end":{"line":12,"column":null}},"type":"if","locations":[{"start":{"line":2,"column":1},"end":{"line":12,"column":null}},{"start":{"line":2,"column":1},"end":{"line":12,"column":null}}]},"1":{"loc":{"start":{"line":6,"column":2},"end":{"line":11,"column":null}},"type":"if","locations":[{"start":{"line":6,"column":2},"end":{"line":11,"column":null}},{"start":{"line":6,"column":2},"end":{"line":11,"column":null}}]}},"s":{"0":5,"1":20,"2":0,"3":20,"4":20,"5":20,"6":0,"7":5},"f":{"0":20},"b":{"0":[0,20],"1":[20,0]}}
,"/home/jake/Documents/Code/Algotia/core/src/utils/time/parseTimeframe.ts": {"path":"/home/jake/Documents/Code/Algotia/core/src/utils/time/parseTimeframe.ts","statementMap":{"0":{"start":{"line":3,"column":23},"end":{"line":38,"column":1}},"1":{"start":{"line":4,"column":19},"end":{"line":4,"column":45}},"2":{"start":{"line":5,"column":17},"end":{"line":5,"column":49}},"3":{"start":{"line":7,"column":18},"end":{"line":7,"column":23}},"4":{"start":{"line":8,"column":16},"end":{"line":8,"column":33}},"5":{"start":{"line":12,"column":1},"end":{"line":33,"column":null}},"6":{"start":{"line":14,"column":3},"end":{"line":14,"column":19}},"7":{"start":{"line":15,"column":3},"end":{"line":15,"column":24}},"8":{"start":{"line":16,"column":3},"end":{"line":16,"column":9}},"9":{"start":{"line":18,"column":3},"end":{"line":18,"column":24}},"10":{"start":{"line":19,"column":3},"end":{"line":19,"column":22}},"11":{"start":{"line":20,"column":3},"end":{"line":20,"column":9}},"12":{"start":{"line":22,"column":3},"end":{"line":22,"column":29}},"13":{"start":{"line":23,"column":3},"end":{"line":23,"column":21}},"14":{"start":{"line":24,"column":3},"end":{"line":24,"column":9}},"15":{"start":{"line":26,"column":3},"end":{"line":26,"column":33}},"16":{"start":{"line":27,"column":3},"end":{"line":27,"column":22}},"17":{"start":{"line":28,"column":3},"end":{"line":28,"column":9}},"18":{"start":{"line":30,"column":3},"end":{"line":30,"column":37}},"19":{"start":{"line":31,"column":3},"end":{"line":31,"column":23}},"20":{"start":{"line":32,"column":3},"end":{"line":32,"column":9}},"21":{"start":{"line":35,"column":18},"end":{"line":35,"column":31}},"22":{"start":{"line":37,"column":1},"end":{"line":37,"column":46}},"23":{"start":{"line":40,"column":0},"end":{"line":40,"column":30}}},"fnMap":{"0":{"name":"(anonymous_0)","decl":{"start":{"line":3,"column":23},"end":{"line":3,"column":24}},"loc":{"start":{"line":3,"column":48},"end":{"line":38,"column":1}}}},"branchMap":{"0":{"loc":{"start":{"line":13,"column":2},"end":{"line":16,"column":9}},"type":"switch","locations":[{"start":{"line":13,"column":2},"end":{"line":16,"column":9}},{"start":{"line":17,"column":2},"end":{"line":20,"column":9}},{"start":{"line":21,"column":2},"end":{"line":24,"column":9}},{"start":{"line":25,"column":2},"end":{"line":28,"column":9}},{"start":{"line":29,"column":2},"end":{"line":32,"column":9}}]}},"s":{"0":5,"1":13,"2":13,"3":13,"4":13,"5":13,"6":3,"7":3,"8":3,"9":10,"10":10,"11":10,"12":0,"13":0,"14":0,"15":0,"16":0,"17":0,"18":0,"19":0,"20":0,"21":13,"22":13,"23":5},"f":{"0":13},"b":{"0":[3,10,0,0,0]}}
}
