TN:
SF:src/algotia.ts
FNF:0
FNH:0
DA:1,2
DA:2,2
LF:2
LH:2
BRF:0
BRH:0
end_of_record
TN:
SF:src/methods/index.ts
FN:1,(anonymous_0)
FN:2,(anonymous_1)
FNF:2
FNH:2
FNDA:5,(anonymous_0)
FNDA:2,(anonymous_1)
DA:1,8
DA:2,5
LF:2
LH:2
BRF:0
BRH:0
end_of_record
TN:
SF:src/methods/backtest/backfill.ts
FN:29,backfill
FNF:1
FNH:1
FNDA:7,backfill
DA:1,3
DA:12,3
DA:13,3
DA:33,7
DA:34,7
DA:36,7
DA:38,4
DA:39,3
DA:40,3
DA:44,3
DA:45,6
DA:46,6
DA:53,3
DA:55,3
DA:56,6
DA:57,6
DA:58,3
DA:59,3
DA:61,3
DA:62,0
DA:66,3
DA:69,3
DA:70,168
DA:71,336
DA:78,3
DA:81,0
DA:85,3
LF:27
LH:25
BRDA:36,0,0,4
BRDA:36,0,1,3
BRDA:39,1,0,3
BRDA:39,1,1,0
BRDA:57,2,0,3
BRDA:57,2,1,3
BRDA:61,3,0,0
BRDA:61,3,1,3
BRF:8
BRH:6
end_of_record
TN:
SF:src/methods/backtest/executeStrategy.ts
FN:22,(anonymous_8)
FN:27,(anonymous_9)
FN:50,executeStrategy
FN:65,(anonymous_12)
FN:65,(anonymous_13)
FN:120,(anonymous_14)
FN:120,(anonymous_15)
FNF:7
FNH:7
FNDA:69,(anonymous_8)
FNDA:69,(anonymous_9)
FNDA:2,executeStrategy
FNDA:24,(anonymous_12)
FNDA:24,(anonymous_13)
FNDA:24,(anonymous_14)
FNDA:24,(anonymous_15)
DA:1,3
DA:19,3
DA:20,3
DA:22,3
DA:27,69
DA:28,69
DA:29,69
DA:30,69
DA:32,0
DA:56,2
DA:61,1
DA:65,24
DA:66,24
DA:67,24
DA:68,24
DA:70,0
DA:74,0
DA:75,0
DA:76,0
DA:77,0
DA:79,0
DA:87,1
DA:88,24
DA:89,24
DA:91,24
DA:92,1
DA:93,1
DA:96,23
DA:98,46
DA:106,23
DA:109,23
DA:110,46
DA:113,1
DA:118,1
DA:120,24
DA:121,24
DA:122,24
DA:123,24
DA:125,0
DA:129,0
DA:130,0
DA:135,1
DA:137,1
DA:138,24
DA:139,24
DA:141,24
DA:142,1
DA:143,1
DA:147,23
DA:150,23
DA:153,23
DA:156,1
DA:160,3
LF:53
LH:43
BRDA:56,0,0,1
BRDA:56,0,1,1
BRDA:57,1,0,2
BRDA:57,1,1,1
BRDA:57,1,2,1
BRDA:67,2,0,24
BRDA:67,2,1,0
BRDA:74,3,0,0
BRDA:74,3,1,0
BRDA:76,4,0,0
BRDA:76,4,1,0
BRDA:76,5,0,0
BRDA:76,5,1,0
BRDA:91,6,0,1
BRDA:91,6,1,23
BRDA:113,7,0,1
BRDA:113,7,1,0
BRDA:114,8,0,1
BRDA:114,8,1,1
BRDA:114,8,2,1
BRDA:122,9,0,24
BRDA:122,9,1,0
BRDA:129,10,0,0
BRDA:129,10,1,0
BRDA:141,11,0,1
BRDA:141,11,1,23
BRF:26
BRH:15
end_of_record
TN:
SF:src/methods/backtest/fetchRecords.ts
FN:21,(anonymous_7)
FN:21,(anonymous_8)
FN:22,(anonymous_9)
FN:25,(anonymous_10)
FN:29,(anonymous_11)
FN:72,(anonymous_12)
FN:86,(anonymous_13)
FN:90,(anonymous_14)
FN:125,(anonymous_15)
FN:158,(anonymous_16)
FN:162,(anonymous_17)
FN:174,(anonymous_18)
FN:188,(anonymous_19)
FN:224,(anonymous_20)
FN:228,(anonymous_21)
FN:259,(anonymous_22)
FN:262,(anonymous_23)
FNF:17
FNH:7
FNDA:0,(anonymous_7)
FNDA:0,(anonymous_8)
FNDA:0,(anonymous_9)
FNDA:0,(anonymous_10)
FNDA:0,(anonymous_11)
FNDA:0,(anonymous_12)
FNDA:20,(anonymous_13)
FNDA:20,(anonymous_14)
FNDA:10,(anonymous_15)
FNDA:10,(anonymous_16)
FNDA:10,(anonymous_17)
FNDA:0,(anonymous_18)
FNDA:0,(anonymous_19)
FNDA:10,(anonymous_20)
FNDA:10,(anonymous_21)
FNDA:0,(anonymous_22)
FNDA:0,(anonymous_23)
DA:10,3
DA:21,3
DA:22,0
DA:25,3
DA:29,0
DA:30,0
DA:31,0
DA:33,0
DA:35,0
DA:36,0
DA:37,0
DA:39,0
DA:41,0
DA:42,0
DA:43,0
DA:44,0
DA:46,0
DA:47,0
DA:48,0
DA:50,0
DA:52,0
DA:54,0
DA:61,0
DA:63,0
DA:65,0
DA:66,0
DA:67,0
DA:68,0
DA:72,0
DA:73,0
DA:79,0
DA:81,0
DA:86,3
DA:90,20
DA:91,20
DA:92,20
DA:94,20
DA:96,20
DA:98,20
DA:116,20
DA:118,20
DA:120,0
DA:125,3
DA:130,10
DA:133,10
DA:134,10
DA:137,10
DA:138,4
DA:140,6
DA:143,10
DA:144,10
DA:146,10
DA:158,3
DA:162,10
DA:163,10
DA:164,10
DA:167,10
DA:169,10
DA:171,10
DA:174,0
DA:177,0
DA:179,0
DA:180,0
DA:181,0
DA:184,0
DA:187,0
DA:188,0
DA:191,0
DA:196,0
DA:197,0
DA:199,0
DA:200,0
DA:201,0
DA:203,0
DA:205,0
DA:206,0
DA:207,0
DA:210,0
DA:211,0
DA:212,0
DA:216,0
DA:219,0
DA:224,3
DA:228,10
DA:229,10
DA:230,10
DA:232,10
DA:234,10
DA:236,10
DA:251,10
DA:258,10
DA:260,0
DA:262,0
DA:265,10
DA:266,0
DA:270,0
DA:274,10
DA:280,10
DA:285,10
DA:287,0
DA:291,3
LF:101
LH:43
BRDA:47,0,0,0
BRDA:47,0,1,0
BRDA:52,1,0,0
BRDA:52,1,1,0
BRDA:137,2,0,4
BRDA:137,2,1,6
BRDA:169,3,0,10
BRDA:169,3,1,0
BRDA:205,4,0,0
BRDA:205,4,1,0
BRDA:210,5,0,0
BRDA:210,5,1,0
BRDA:265,6,0,0
BRDA:265,6,1,10
BRF:14
BRH:4
end_of_record
TN:
SF:src/methods/backtest/fillOrder.ts
FN:17,(anonymous_8)
FN:23,(anonymous_9)
FN:26,(anonymous_10)
FN:60,(anonymous_11)
FN:64,(anonymous_12)
FN:89,(anonymous_13)
FN:94,(anonymous_14)
FN:154,(anonymous_15)
FN:158,(anonymous_16)
FNF:9
FNH:9
FNDA:46,(anonymous_8)
FNDA:46,(anonymous_9)
FNDA:46,(anonymous_10)
FNDA:46,(anonymous_11)
FNDA:46,(anonymous_12)
FNDA:322,(anonymous_13)
FNDA:322,(anonymous_14)
FNDA:69,(anonymous_15)
FNDA:69,(anonymous_16)
DA:1,3
DA:6,3
DA:15,3
DA:17,3
DA:18,46
DA:19,46
DA:23,3
DA:26,46
DA:27,46
DA:28,46
DA:29,46
DA:30,46
DA:31,46
DA:32,46
DA:35,46
DA:36,46
DA:38,46
DA:52,46
DA:57,0
DA:60,3
DA:64,46
DA:65,46
DA:67,46
DA:69,46
DA:71,46
DA:79,46
DA:83,46
DA:85,46
DA:86,46
DA:89,3
DA:94,322
DA:95,322
DA:96,322
DA:99,322
DA:101,322
DA:103,322
DA:108,322
DA:110,322
DA:112,46
DA:120,46
DA:126,46
DA:128,0
DA:130,0
DA:132,0
DA:140,0
DA:146,0
DA:150,0
DA:154,3
DA:158,69
DA:159,69
DA:160,69
DA:162,69
DA:163,69
DA:164,322
DA:165,322
DA:166,322
DA:169,0
DA:173,3
LF:58
LH:50
BRDA:18,0,0,46
BRDA:18,0,1,0
BRDA:18,1,0,46
BRDA:18,1,1,0
BRDA:35,2,0,46
BRDA:35,2,1,0
BRDA:108,3,0,322
BRDA:108,3,1,0
BRDA:110,4,0,46
BRDA:110,4,1,276
BRDA:128,5,0,0
BRDA:128,5,1,0
BRDA:130,6,0,0
BRDA:130,6,1,0
BRF:14
BRH:6
end_of_record
TN:
SF:src/methods/backtest/getResults.ts
FN:25,getResults
FN:29,(anonymous_9)
FN:34,(anonymous_10)
FN:39,(anonymous_11)
FN:41,(anonymous_12)
FN:44,(anonymous_13)
FN:44,(anonymous_14)
FN:46,(anonymous_15)
FN:46,(anonymous_16)
FNF:9
FNH:9
FNDA:2,getResults
FNDA:1,(anonymous_9)
FNDA:2,(anonymous_10)
FNDA:3,(anonymous_11)
FNDA:3,(anonymous_12)
FNDA:6,(anonymous_13)
FNDA:6,(anonymous_14)
FNDA:72,(anonymous_15)
FNDA:72,(anonymous_16)
DA:1,3
DA:9,3
DA:29,2
DA:32,1
DA:34,2
DA:37,2
DA:39,2
DA:41,3
DA:42,3
DA:43,3
DA:44,6
DA:45,6
DA:46,72
DA:47,72
DA:48,72
DA:49,72
DA:52,6
DA:55,3
DA:61,3
DA:67,3
DA:68,3
DA:69,3
DA:71,3
DA:77,0
DA:80,2
DA:81,1
DA:82,1
DA:84,1
DA:85,2
DA:86,2
DA:87,6
DA:95,1
DA:99,3
LF:33
LH:32
BRDA:80,0,0,1
BRDA:80,0,1,1
BRDA:82,1,0,1
BRDA:82,1,1,0
BRF:4
BRH:3
end_of_record
TN:
SF:src/methods/backtest/index.ts
FN:25,(anonymous_8)
FN:30,(anonymous_9)
FN:34,(anonymous_10)
FN:37,(anonymous_11)
FN:80,backtest
FNF:5
FNH:5
FNDA:2,(anonymous_8)
FNDA:2,(anonymous_9)
FNDA:3,(anonymous_10)
FNDA:3,(anonymous_11)
FNDA:2,backtest
DA:1,3
DA:12,3
DA:17,3
DA:18,3
DA:19,3
DA:23,3
DA:25,3
DA:30,2
DA:31,2
DA:32,2
DA:34,2
DA:37,3
DA:38,3
DA:39,6
DA:40,6
DA:45,6
DA:49,6
DA:53,2
DA:54,1
DA:55,1
DA:56,2
DA:58,1
DA:59,1
DA:60,1
DA:61,1
DA:64,0
DA:84,2
DA:88,2
DA:90,2
DA:94,1
DA:98,1
DA:104,1
DA:106,1
DA:114,1
DA:115,1
DA:120,1
DA:129,1
DA:130,2
DA:140,1
DA:142,1
DA:145,1
DA:146,1
DA:153,0
DA:156,2
DA:160,3
LF:45
LH:43
BRDA:53,0,0,1
BRDA:53,0,1,1
BRDA:59,1,0,1
BRDA:59,1,1,0
BRDA:60,2,0,1
BRDA:60,2,1,1
BRDA:90,3,0,1
BRDA:90,3,1,1
BRDA:95,4,0,0
BRDA:95,4,1,1
BRDA:120,5,0,1
BRDA:120,5,1,0
BRF:12
BRH:9
end_of_record
TN:
SF:src/methods/backtest/validate.ts
FN:11,(anonymous_0)
FNF:1
FNH:0
FNDA:0,(anonymous_0)
DA:1,0
DA:9,0
DA:11,0
DA:14,0
DA:15,0
DA:17,0
DA:18,0
DA:24,0
DA:26,0
DA:35,0
DA:36,0
DA:41,0
DA:42,0
DA:43,0
DA:44,0
DA:49,0
DA:50,0
DA:51,0
DA:55,0
DA:56,0
DA:61,0
DA:62,0
DA:63,0
DA:64,0
DA:71,0
DA:74,0
LF:26
LH:0
BRDA:14,0,0,0
BRDA:14,0,1,0
BRDA:15,1,0,0
BRDA:15,1,1,0
BRDA:17,2,0,0
BRDA:17,2,1,0
BRDA:35,3,0,0
BRDA:35,3,1,0
BRDA:41,4,0,0
BRDA:41,4,1,0
BRDA:43,5,0,0
BRDA:43,5,1,0
BRDA:50,6,0,0
BRDA:50,6,1,0
BRDA:55,7,0,0
BRDA:55,7,1,0
BRDA:63,8,0,0
BRDA:63,8,1,0
BRF:18
BRH:0
end_of_record
TN:
SF:src/methods/backtest/utils/currentPrice.ts
FN:3,(anonymous_7)
FN:7,(anonymous_8)
FN:11,(anonymous_9)
FN:21,(anonymous_10)
FN:26,(anonymous_11)
FNF:5
FNH:5
FNDA:117,(anonymous_7)
FNDA:48,(anonymous_8)
FNDA:48,(anonymous_9)
FNDA:69,(anonymous_10)
FNDA:69,(anonymous_11)
DA:3,5
DA:4,117
DA:7,5
DA:11,48
DA:12,48
DA:13,48
DA:14,48
DA:15,48
DA:17,0
DA:21,5
DA:26,69
DA:27,69
DA:28,69
DA:29,69
DA:31,0
DA:35,5
LF:16
LH:14
BRF:0
BRH:0
end_of_record
TN:
SF:src/methods/backtest/utils/currentTime.ts
FN:5,(anonymous_7)
FN:5,(anonymous_8)
FN:14,(anonymous_9)
FN:17,(anonymous_10)
FNF:4
FNH:4
FNDA:118,(anonymous_7)
FNDA:118,(anonymous_8)
FNDA:69,(anonymous_9)
FNDA:69,(anonymous_10)
DA:3,5
DA:5,118
DA:6,118
DA:7,118
DA:8,118
DA:10,0
DA:14,5
DA:17,69
DA:18,69
DA:19,69
DA:21,0
DA:25,5
LF:12
LH:10
BRF:0
BRH:0
end_of_record
TN:
SF:src/methods/backtest/utils/getBaseAndQuotePath.ts
FN:4,(anonymous_0)
FNF:1
FNH:1
FNDA:863,(anonymous_0)
DA:1,5
DA:4,5
DA:8,863
DA:10,863
DA:11,863
DA:12,863
DA:15,5
LF:7
LH:7
BRF:0
BRH:0
end_of_record
TN:
SF:src/methods/backtest/utils/index.ts
FN:5,(anonymous_4)
FNF:1
FNH:1
FNDA:863,(anonymous_4)
DA:1,5
DA:2,5
DA:3,5
DA:5,868
LF:4
LH:4
BRF:0
BRH:0
end_of_record
TN:
SF:src/methods/backtest/utils/orders.ts
FN:5,(anonymous_8)
FN:9,(anonymous_9)
FN:13,(anonymous_10)
FN:16,(anonymous_11)
FN:24,(anonymous_12)
FN:27,(anonymous_13)
FN:35,(anonymous_14)
FN:39,(anonymous_15)
FN:47,(anonymous_16)
FN:51,(anonymous_17)
FN:59,(anonymous_18)
FN:63,(anonymous_19)
FN:71,(anonymous_20)
FN:74,(anonymous_21)
FNF:14
FNH:12
FNDA:187,(anonymous_8)
FNDA:46,(anonymous_9)
FNDA:69,(anonymous_10)
FNDA:69,(anonymous_11)
FNDA:0,(anonymous_12)
FNDA:0,(anonymous_13)
FNDA:72,(anonymous_14)
FNDA:72,(anonymous_15)
FNDA:46,(anonymous_16)
FNDA:46,(anonymous_17)
FNDA:46,(anonymous_18)
FNDA:46,(anonymous_19)
FNDA:72,(anonymous_20)
FNDA:72,(anonymous_21)
DA:3,5
DA:5,5
DA:6,187
DA:9,5
DA:10,46
DA:13,5
DA:16,69
DA:17,69
DA:18,69
DA:20,0
DA:24,5
DA:27,0
DA:28,0
DA:29,0
DA:31,0
DA:35,5
DA:39,72
DA:40,72
DA:41,72
DA:43,0
DA:47,5
DA:51,46
DA:52,46
DA:53,46
DA:55,0
DA:59,5
DA:63,46
DA:64,46
DA:65,46
DA:67,0
DA:71,5
DA:74,72
DA:75,72
DA:76,72
DA:77,72
DA:79,0
DA:84,5
DA:85,5
DA:86,5
DA:87,5
DA:88,5
DA:89,5
LF:42
LH:33
BRF:0
BRH:0
end_of_record
TN:
SF:src/methods/boot/database.ts
FN:4,(anonymous_8)
FN:8,(anonymous_9)
FNF:2
FNH:2
FNDA:3,(anonymous_8)
FNDA:3,(anonymous_9)
DA:1,3
DA:2,3
DA:4,3
DA:8,3
DA:9,3
DA:10,3
DA:19,3
DA:21,3
DA:23,3
DA:24,3
DA:26,3
DA:32,0
DA:36,3
LF:13
LH:12
BRDA:11,0,0,3
BRDA:11,0,1,3
BRF:2
BRH:2
end_of_record
TN:
SF:src/methods/boot/exchanges.ts
FN:4,(anonymous_0)
FN:8,(anonymous_1)
FNF:2
FNH:2
FNDA:6,(anonymous_0)
FNDA:3,(anonymous_1)
DA:1,3
DA:2,3
DA:4,3
DA:5,6
DA:8,3
DA:11,3
DA:12,3
DA:14,3
DA:15,6
DA:16,6
DA:17,6
DA:18,6
DA:23,0
DA:30,3
DA:32,0
DA:36,3
LF:16
LH:14
BRDA:15,0,0,6
BRDA:15,0,1,0
BRDA:17,1,0,6
BRDA:17,1,1,0
BRF:4
BRH:2
end_of_record
TN:
SF:src/methods/boot/index.ts
FN:7,(anonymous_8)
FN:9,(anonymous_9)
FN:23,(anonymous_10)
FNF:3
FNH:3
FNDA:5,(anonymous_8)
FNDA:5,(anonymous_9)
FNDA:3,(anonymous_10)
DA:2,3
DA:3,3
DA:4,3
DA:5,3
DA:7,3
DA:9,5
DA:10,5
DA:11,5
DA:12,0
DA:15,5
DA:17,5
DA:19,3
DA:21,3
DA:23,3
DA:24,3
DA:25,3
DA:27,3
DA:30,3
DA:44,3
DA:52,2
DA:56,3
LF:21
LH:20
BRDA:11,0,0,0
BRDA:11,0,1,5
BRDA:24,1,0,3
BRDA:24,1,1,0
BRF:4
BRH:2
end_of_record
TN:
SF:src/methods/boot/validate.ts
FN:6,(anonymous_1)
FN:11,(anonymous_2)
FN:53,(anonymous_3)
FN:57,(anonymous_4)
FN:62,(anonymous_5)
FN:68,(anonymous_6)
FNF:6
FNH:6
FNDA:2,(anonymous_1)
FNDA:5,(anonymous_2)
FNDA:3,(anonymous_3)
FNDA:2,(anonymous_4)
FNDA:3,(anonymous_5)
FNDA:3,(anonymous_6)
DA:1,3
DA:2,3
DA:3,3
DA:7,2
DA:11,3
DA:12,5
DA:13,5
DA:16,5
DA:17,8
DA:18,1
DA:19,1
DA:21,0
DA:23,7
DA:24,7
DA:26,1
DA:27,1
DA:28,0
DA:32,1
DA:33,1
DA:34,1
DA:37,0
DA:38,0
DA:41,0
DA:42,0
DA:43,0
DA:46,0
DA:47,0
DA:53,3
DA:54,3
DA:57,3
DA:58,2
DA:59,2
DA:62,3
DA:63,3
DA:64,0
DA:68,3
DA:69,3
DA:70,0
DA:71,0
DA:75,3
DA:77,2
DA:81,3
LF:42
LH:30
BRDA:17,0,0,1
BRDA:17,0,1,7
BRDA:18,1,0,1
BRDA:18,1,1,0
BRDA:24,2,0,6
BRDA:24,2,1,1
BRDA:27,3,0,0
BRDA:27,3,1,1
BRDA:32,4,0,1
BRDA:32,4,1,0
BRDA:33,5,0,1
BRDA:33,5,1,0
BRDA:37,6,0,0
BRDA:37,6,1,0
BRDA:41,7,0,0
BRDA:41,7,1,0
BRDA:42,8,0,0
BRDA:42,8,1,0
BRDA:46,9,0,0
BRDA:46,9,1,0
BRDA:54,10,0,0
BRDA:54,10,1,3
BRDA:59,11,0,0
BRDA:59,11,1,2
BRDA:63,12,0,0
BRDA:63,12,1,3
BRDA:69,13,0,0
BRDA:69,13,1,3
BRF:28
BRH:12
end_of_record
TN:
SF:src/types/index.ts
FNF:0
FNH:0
DA:1,5
DA:2,5
DA:3,5
DA:4,5
LF:4
LH:4
BRF:0
BRH:0
end_of_record
TN:
SF:src/types/errors/algotia.ts
FNF:0
FNH:0
DA:2,5
LF:1
LH:1
BRF:0
BRH:0
end_of_record
TN:
SF:src/types/errors/ccxt.ts
FN:3,(anonymous_0)
FNF:1
FNH:0
FNDA:0,(anonymous_0)
DA:1,5
DA:4,0
DA:5,0
DA:9,5
LF:4
LH:2
BRF:0
BRH:0
end_of_record
TN:
SF:src/types/errors/index.ts
FNF:0
FNH:0
DA:1,5
DA:2,5
LF:2
LH:2
BRF:0
BRH:0
end_of_record
TN:
SF:src/types/gaurds/index.ts
FN:1,(anonymous_4)
FN:2,(anonymous_5)
FNF:2
FNH:2
FNDA:29,(anonymous_4)
FNDA:5,(anonymous_5)
DA:1,34
DA:2,10
DA:4,5
DA:5,5
DA:6,5
LF:5
LH:5
BRF:0
BRH:0
end_of_record
TN:
SF:src/types/gaurds/isBackfillOptions.ts
FN:3,(anonymous_0)
FN:7,(anonymous_1)
FNF:2
FNH:2
FNDA:8,(anonymous_0)
FNDA:11,(anonymous_1)
DA:3,5
DA:4,8
DA:7,5
DA:8,11
DA:9,6
DA:12,5
LF:6
LH:6
BRDA:4,0,0,6
BRDA:4,0,1,2
BRDA:4,1,0,8
BRDA:4,1,1,6
BRDA:8,2,0,5
BRDA:8,2,1,6
BRDA:8,3,0,11
BRDA:8,3,1,9
BRDA:9,4,0,2
BRDA:9,4,1,4
BRF:10
BRH:10
end_of_record
TN:
SF:src/types/gaurds/isBackfillSet.ts
FN:4,(anonymous_1)
FN:8,(anonymous_2)
FNF:2
FNH:2
FNDA:1,(anonymous_1)
FNDA:1,(anonymous_2)
DA:2,5
DA:4,5
DA:5,1
DA:8,5
DA:9,1
DA:12,5
LF:6
LH:6
BRDA:5,0,0,1
BRDA:5,0,1,1
BRF:2
BRH:2
end_of_record
TN:
SF:src/types/gaurds/isBacktestingOptions.ts
FN:7,(anonymous_0)
FN:13,(anonymous_1)
FNF:2
FNH:2
FNDA:3,(anonymous_0)
FNDA:5,(anonymous_1)
DA:2,5
DA:7,5
DA:10,3
DA:13,5
DA:16,5
DA:19,5
LF:6
LH:6
BRF:0
BRH:0
end_of_record
TN:
SF:src/types/gaurds/isExchangeID.ts
FN:3,(anonymous_0)
FNF:1
FNH:1
FNDA:29,(anonymous_0)
DA:1,5
DA:3,5
DA:4,29
DA:7,5
LF:4
LH:4
BRF:0
BRH:0
end_of_record
TN:
SF:src/types/gaurds/isExchangeRecord.ts
FN:3,(anonymous_0)
FN:6,(anonymous_1)
FNF:2
FNH:2
FNDA:7,(anonymous_0)
FNDA:90,(anonymous_1)
DA:1,5
DA:3,5
DA:4,7
DA:5,7
DA:6,7
DA:7,90
DA:12,5
LF:7
LH:7
BRDA:5,0,0,7
BRDA:5,0,1,0
BRDA:5,1,0,7
BRDA:5,1,1,7
BRF:4
BRH:3
end_of_record
TN:
SF:src/types/methods/index.ts
FNF:0
FNH:0
DA:1,5
DA:2,5
DA:3,5
LF:3
LH:3
BRF:0
BRH:0
end_of_record
TN:
SF:src/types/shared/ccxt.ts
FNF:0
FNH:0
DA:1,5
DA:3,5
DA:19,5
LF:3
LH:3
BRF:0
BRH:0
end_of_record
TN:
SF:src/types/shared/general.ts
FN:39,(anonymous_7)
FN:39,(anonymous_8)
FNF:2
FNH:0
FNDA:0,(anonymous_7)
FNDA:0,(anonymous_8)
DA:39,5
LF:1
LH:1
BRF:0
BRH:0
end_of_record
TN:
SF:src/types/shared/index.ts
FNF:0
FNH:0
DA:1,5
DA:2,5
LF:2
LH:2
BRF:0
BRH:0
end_of_record
TN:
SF:src/utils/index.ts
FNF:0
FNH:0
DA:1,5
DA:2,5
DA:3,5
DA:4,5
LF:4
LH:4
BRF:0
BRH:0
end_of_record
TN:
SF:src/utils/db/buildRegexPath.ts
FN:1,(anonymous_0)
FN:6,(anonymous_1)
FNF:2
FNH:2
FNDA:20,(anonymous_0)
FNDA:60,(anonymous_1)
DA:1,5
DA:2,20
DA:4,20
DA:6,20
DA:7,60
DA:10,20
DA:13,5
LF:7
LH:7
BRF:0
BRH:0
end_of_record
TN:
SF:src/utils/db/getBackfillCollection.ts
FN:3,(anonymous_0)
FNF:1
FNH:1
FNDA:10,(anonymous_0)
DA:3,5
DA:4,10
DA:7,5
LF:3
LH:3
BRF:0
BRH:0
end_of_record
TN:
SF:src/utils/db/index.ts
FN:1,(anonymous_0)
FN:2,(anonymous_1)
FN:3,(anonymous_2)
FNF:3
FNH:3
FNDA:10,(anonymous_0)
FNDA:20,(anonymous_1)
FNDA:1332,(anonymous_2)
DA:1,15
DA:2,25
DA:3,1337
LF:3
LH:3
BRF:0
BRH:0
end_of_record
TN:
SF:src/utils/db/parseFlatObj.ts
FN:3,(anonymous_0)
FNF:1
FNH:1
FNDA:1332,(anonymous_0)
DA:1,5
DA:3,5
DA:5,1332
DA:6,10694
DA:7,10694
DA:9,10694
DA:10,4483
DA:12,6211
DA:14,10694
DA:20,1332
DA:21,1332
DA:24,5
LF:12
LH:12
BRDA:9,0,0,4483
BRDA:9,0,1,6211
BRF:2
BRH:2
end_of_record
TN:
SF:src/utils/exchangeFactory/default.ts
FN:31,(anonymous_2)
FNF:1
FNH:1
FNDA:9,(anonymous_2)
DA:1,5
DA:2,5
DA:16,5
DA:31,5
DA:32,9
DA:33,9
DA:35,9
DA:36,9
DA:37,9
DA:41,5
LF:10
LH:10
BRDA:33,0,0,9
BRDA:33,0,1,0
BRF:2
BRH:1
end_of_record
TN:
SF:src/utils/exchangeFactory/index.ts
FN:1,(anonymous_0)
FN:2,(anonymous_1)
FNF:2
FNH:2
FNDA:9,(anonymous_0)
FNDA:3,(anonymous_1)
DA:1,14
DA:2,8
LF:2
LH:2
BRF:0
BRH:0
end_of_record
TN:
SF:src/utils/exchangeFactory/simulated/cancelOrder.ts
FN:22,(anonymous_8)
FN:23,cancelOrder
FNF:2
FNH:1
FNDA:3,(anonymous_8)
FNDA:0,cancelOrder
DA:1,5
DA:7,5
DA:13,5
DA:14,5
DA:22,5
DA:23,3
DA:24,0
DA:25,0
DA:27,0
DA:28,0
DA:29,0
DA:34,0
DA:36,0
DA:41,0
DA:42,0
DA:43,0
DA:45,0
DA:46,0
DA:47,0
DA:48,0
DA:53,0
DA:54,0
DA:55,0
DA:56,0
DA:63,0
DA:64,0
DA:65,0
DA:67,0
DA:69,0
DA:74,5
LF:30
LH:7
BRDA:28,0,0,0
BRDA:28,0,1,0
BRDA:45,1,0,0
BRDA:45,1,1,0
BRDA:53,2,0,0
BRDA:53,2,1,0
BRF:6
BRH:0
end_of_record
TN:
SF:src/utils/exchangeFactory/simulated/createOrder.ts
FN:25,(anonymous_8)
FN:26,createOrder
FNF:2
FNH:2
FNDA:3,(anonymous_8)
FNDA:72,createOrder
DA:1,5
DA:9,5
DA:10,5
DA:11,5
DA:25,5
DA:26,3
DA:34,72
DA:35,72
DA:37,72
DA:38,72
DA:40,72
DA:41,0
DA:47,72
DA:48,48
DA:51,72
DA:53,72
DA:54,72
DA:55,0
DA:61,72
DA:62,0
DA:63,0
DA:69,72
DA:70,72
DA:72,72
DA:102,72
DA:106,72
DA:107,72
DA:113,72
DA:114,0
DA:120,72
DA:121,72
DA:123,72
DA:125,0
DA:130,5
LF:34
LH:28
BRDA:40,0,0,0
BRDA:40,0,1,72
BRDA:40,1,0,72
BRDA:40,1,1,24
BRDA:47,2,0,48
BRDA:47,2,1,24
BRDA:47,3,0,72
BRDA:47,3,1,48
BRDA:53,4,0,72
BRDA:53,4,1,0
BRDA:54,5,0,0
BRDA:54,5,1,72
BRDA:61,6,0,0
BRDA:61,6,1,72
BRDA:62,7,0,0
BRDA:62,7,1,0
BRDA:91,8,0,48
BRDA:91,8,1,24
BRDA:94,9,0,48
BRDA:94,9,1,24
BRDA:98,10,0,48
BRDA:98,10,1,24
BRDA:106,11,0,72
BRDA:106,11,1,0
BRDA:113,12,0,0
BRDA:113,12,1,72
BRF:26
BRH:18
end_of_record
TN:
SF:src/utils/exchangeFactory/simulated/fetchBalance.ts
FN:12,(anonymous_7)
FN:13,fetchBalance
FNF:2
FNH:2
FNDA:75,(anonymous_7)
FNDA:469,fetchBalance
DA:1,5
DA:4,5
DA:12,5
DA:13,75
DA:14,469
DA:18,469
DA:20,469
DA:21,938
DA:22,938
DA:23,938
DA:24,938
DA:27,938
DA:32,469
DA:34,469
DA:38,5
LF:15
LH:15
BRF:0
BRH:0
end_of_record
TN:
SF:src/utils/exchangeFactory/simulated/index.ts
FN:11,simulatedExchangeFactory
FNF:1
FNH:1
FNDA:3,simulatedExchangeFactory
DA:7,5
DA:8,5
DA:9,5
DA:16,3
DA:59,3
DA:62,5
LF:6
LH:6
BRF:0
BRH:0
end_of_record
TN:
SF:src/utils/general/debugLog.ts
FN:17,(anonymous_1)
FNF:1
FNH:1
FNDA:81,(anonymous_1)
DA:1,5
DA:2,5
DA:17,5
DA:23,81
DA:25,0
DA:26,0
DA:28,0
DA:34,0
DA:36,0
DA:40,5
LF:10
LH:5
BRDA:23,0,0,0
BRDA:23,0,1,81
BRDA:25,1,0,0
BRDA:25,1,1,0
BRDA:26,2,0,0
BRDA:26,2,1,0
BRDA:26,3,0,0
BRDA:26,3,1,0
BRDA:36,4,0,0
BRDA:36,4,1,0
BRF:10
BRH:1
end_of_record
TN:
SF:src/utils/general/getDefaultExchange.ts
FN:3,(anonymous_0)
FNF:1
FNH:1
FNDA:6,(anonymous_0)
DA:1,5
DA:3,5
DA:4,6
DA:5,6
DA:6,6
DA:7,6
DA:11,5
LF:7
LH:7
BRDA:6,0,0,6
BRDA:6,0,1,0
BRF:2
BRH:1
end_of_record
TN:
SF:src/utils/general/index.ts
FN:1,(anonymous_0)
FN:2,(anonymous_1)
FN:3,(anonymous_2)
FN:4,(anonymous_3)
FN:5,(anonymous_4)
FN:6,(anonymous_5)
FNF:6
FNH:4
FNDA:6,(anonymous_0)
FNDA:0,(anonymous_1)
FNDA:0,(anonymous_2)
FNDA:81,(anonymous_3)
FNDA:1726,(anonymous_4)
FNDA:72,(anonymous_5)
DA:1,11
DA:2,5
DA:3,5
DA:4,86
DA:5,1731
DA:6,77
LF:6
LH:6
BRF:0
BRH:0
end_of_record
TN:
SF:src/utils/general/log.ts
FNF:0
FNH:0
DA:1,0
DA:4,0
DA:14,0
DA:20,0
DA:25,0
LF:5
LH:0
BRF:0
BRH:0
end_of_record
TN:
SF:src/utils/general/logger.ts
FN:42,(anonymous_7)
FNF:1
FNH:0
FNDA:0,(anonymous_7)
DA:1,5
DA:2,5
DA:14,5
DA:20,5
DA:35,5
DA:43,0
DA:44,0
DA:45,0
DA:50,5
DA:52,5
DA:57,5
LF:11
LH:8
BRF:0
BRH:0
end_of_record
TN:
SF:src/utils/general/parsePair.ts
FN:1,(anonymous_0)
FNF:1
FNH:1
FNDA:1726,(anonymous_0)
DA:1,5
DA:2,1726
DA:3,1726
DA:6,5
LF:4
LH:4
BRF:0
BRH:0
end_of_record
TN:
SF:src/utils/general/reshapeOHLCV.ts
FN:4,(anonymous_0)
FNF:1
FNH:0
FNDA:0,(anonymous_0)
DA:4,5
DA:5,0
DA:7,0
DA:8,0
DA:9,0
DA:10,0
DA:11,0
DA:19,0
DA:22,0
DA:31,0
DA:34,5
LF:11
LH:2
BRDA:9,0,0,0
BRDA:9,0,1,0
BRDA:10,1,0,0
BRDA:10,1,1,0
BRF:4
BRH:0
end_of_record
TN:
SF:src/utils/general/uuid.ts
FN:1,uuid
FN:2,(anonymous_1)
FNF:2
FNH:2
FNDA:72,uuid
FNDA:2232,(anonymous_1)
DA:2,72
DA:3,2232
DA:4,2232
DA:8,5
LF:4
LH:4
BRDA:3,0,0,2160
BRDA:3,0,1,72
BRF:2
BRH:2
end_of_record
TN:
SF:src/utils/time/index.ts
FN:1,(anonymous_0)
FN:2,(anonymous_1)
FNF:2
FNH:2
FNDA:13,(anonymous_0)
FNDA:20,(anonymous_1)
DA:1,18
DA:2,25
LF:2
LH:2
BRF:0
BRH:0
end_of_record
TN:
SF:src/utils/time/parseDate.ts
FN:1,(anonymous_0)
FNF:1
FNH:1
FNDA:20,(anonymous_0)
DA:1,5
DA:2,20
DA:3,0
DA:5,20
DA:6,20
DA:7,20
DA:10,0
DA:15,5
LF:8
LH:6
BRDA:2,0,0,0
BRDA:2,0,1,20
BRDA:6,1,0,20
BRDA:6,1,1,0
BRF:4
BRH:2
end_of_record
TN:
SF:src/utils/time/parseTimeframe.ts
FN:3,(anonymous_0)
FNF:1
FNH:1
FNDA:13,(anonymous_0)
DA:3,5
DA:4,13
DA:5,13
DA:7,13
DA:8,13
DA:12,13
DA:14,3
DA:15,3
DA:16,3
DA:18,10
DA:19,10
DA:20,10
DA:22,0
DA:23,0
DA:24,0
DA:26,0
DA:27,0
DA:28,0
DA:30,0
DA:31,0
DA:32,0
DA:35,13
DA:37,13
DA:40,5
LF:24
LH:15
BRDA:13,0,0,3
BRDA:13,0,1,10
BRDA:13,0,2,0
BRDA:13,0,3,0
BRDA:13,0,4,0
BRF:5
BRH:2
end_of_record
